#
# There is insufficient memory for the Java Runtime Environment to continue.
# Native memory allocation (malloc) failed to allocate 2044816 bytes for Chunk::new
# Possible reasons:
#   The system is out of physical RAM or swap space
#   The process is running with CompressedOops enabled, and the Java Heap may be blocking the growth of the native heap
# Possible solutions:
#   Reduce memory load on the system
#   Increase physical memory or swap space
#   Check if swap backing store is full
#   Decrease Java heap size (-Xmx/-Xms)
#   Decrease number of Java threads
#   Decrease Java thread stack sizes (-Xss)
#   Set larger code cache with -XX:ReservedCodeCacheSize=
#   JVM is running with Unscaled Compressed Oops mode in which the Java heap is
#     placed in the first 4GB address space. The Java Heap base address is the
#     maximum limit for the native heap growth. Please use -XX:HeapBaseMinAddress
#     to set the Java Heap base and to place the Java Heap above 4GB virtual address.
# This output file may be truncated or incomplete.
#
#  Out of Memory Error (src/hotspot/share/memory/arena.cpp:197), pid=1064, tid=11920
#
# JRE version: OpenJDK Runtime Environment (11.0.15) (build 11.0.15+0-b2043.56-9505619)
# Java VM: OpenJDK 64-Bit Server VM (11.0.15+0-b2043.56-9505619, mixed mode, tiered, compressed oops, g1 gc, windows-amd64)
# No core dump will be written. Minidumps are not enabled by default on client versions of Windows
#

---------------  S U M M A R Y ------------

Command Line: --add-opens=java.base/java.util=ALL-UNNAMED --add-opens=java.base/java.lang=ALL-UNNAMED --add-opens=java.base/java.lang.invoke=ALL-UNNAMED --add-opens=java.base/java.util=ALL-UNNAMED --add-opens=java.prefs/java.util.prefs=ALL-UNNAMED --add-opens=java.prefs/java.util.prefs=ALL-UNNAMED --add-opens=java.base/java.nio.charset=ALL-UNNAMED --add-opens=java.base/java.net=ALL-UNNAMED --add-opens=java.base/java.util.concurrent.atomic=ALL-UNNAMED -Xmx2048m -Dfile.encoding=UTF-8 -Duser.country=FR -Duser.language=fr -Duser.variant org.gradle.launcher.daemon.bootstrap.GradleDaemon 7.5

Host: Intel(R) Core(TM) i3-8145U CPU @ 2.10GHz, 4 cores, 3G,  Windows 10 , 64 bit Build 19041 (10.0.19041.2788)
Time: Thu May  4 12:49:56 2023 Paris, Madrid (heure duild 19041 (10.0.19041.2788) elapsed time: 1196.803479 seconds (0d 0h 19m 56s)

---------------  T H R E A D  ---------------

Current thread (0x000001597ac5f800):  JavaThread "C2 CompilerThread0" daemon [_thread_in_native, id=11920, stack(0x0000004df3000000,0x0000004df3100000)]


Current CompileTask:
C2:1196805 24393       4       com.android.tools.r8.internal.Ab::a (6176 bytes)

Stack: [0x0000004df3000000,0x0000004df3100000]
Native frames: (J=compiled Java code, j=interpreted, Vv=VM code, C=native code)
V  [jvm.dll+0x64135a]
V  [jvm.dll+0x7d39f9]
V  [jvm.dll+0x7d51b9]
V  [jvm.dll+0x7d58a3]
V  [jvm.dll+0x2691c5]
V  [jvm.dll+0xc1a5c]
V  [jvm.dll+0xc200c]
V  [jvm.dll+0x3774a7]
V  [jvm.dll+0x342495]
V  [jvm.dll+0x34186a]
V  [jvm.dll+0x2214bd]
V  [jvm.dll+0x220498]
V  [jvm.dll+0x19e851]
V  [jvm.dll+0x230479]
V  [jvm.dll+0x22e5ef]
V  [jvm.dll+0x794de1]
V  [jvm.dll+0x78dc24]
V  [jvm.dll+0x6400f6]
C  [ucrtbase.dll+0x21bb2]
C  [KERNEL32.DLL+0x17604]
C  [ntdll.dll+0x526a1]


---------------  P R O C E S S  ---------------

Threads class SMR info:
_java_thread_list=0x0000015904c76f80, length=91, elements={
0x0000015961012000, 0x000001597abfd000, 0x000001597ac06800, 0x000001597ac5a800,
0x000001597ac5c800, 0x000001597ac5e000, 0x000001597ac5f800, 0x000001597ac66800,
0x000001597ac6a000, 0x000001597b707000, 0x000001597c9cf800, 0x000001597d6b0800,
0x000001597d989800, 0x000001597baad800, 0x000001597baab000, 0x000001597baac000,
0x000001597baad000, 0x000001597baae800, 0x000001597baa8800, 0x000001597baaf800,
0x000001597baa9800, 0x000001597baaa800, 0x0000015900004800, 0x0000015900008800,
0x0000015902398000, 0x0000015902391800, 0x000001590238f000, 0x000001590238c800,
0x000001590238d800, 0x0000015902390000, 0x000001590238b800, 0x0000015902395800,
0x0000015902396800, 0x0000015902390800, 0x0000015902397000, 0x0000015902392000,
0x0000015902393000, 0x0000015902398800, 0x0000015902399800, 0x0000015902394800,
0x0000015902394000, 0x000001590239a800, 0x000001597e288800, 0x000001597e28b000,
0x000001597e287000, 0x000001597e28e000, 0x000001597e28f000, 0x000001597e28d800,
0x000001597e289800, 0x000001597e290000, 0x000001597e28c800, 0x000001597e290800,
0x000001597e291800, 0x000001597e28b800, 0x000001597e292800, 0x000001597e293000,
0x000001597e294000, 0x000001597e294800, 0x000001597e295800, 0x0000015900007800,
0x0000015900009000, 0x000001590000a000, 0x000001590000b000, 0x0000015900006000,
0x0000015900005000, 0x000001590000c800, 0x0000015900007000, 0x0000015900010800,
0x0000015900011800, 0x000001590000f000, 0x000001590000d800, 0x000001590000e000,
0x0000015900012000, 0x0000015900013000, 0x0000015900a19800, 0x0000015900a16800,
0x0000015900a17800, 0x0000015900a1d000, 0x0000015900a18000, 0x0000015900a1e800,
0x0000015900a19000, 0x0000015900a1f800, 0x0000015900a1a800, 0x0000015900a1b800,
0x0000015900a22000, 0x0000015900a25000, 0x0000015900a20800, 0x0000015900a23800,
0x0000015900a24800, 0x000001590000f800, 0x000001597b83c800
}

Java Threads: ( => current thread )
  0x0000015961012000 JavaThread "main" [_thread_blocked, id=8940, stack(0x0000004df2400000,0x0000004df2500000)]
  0x000001597abfd000 JavaThread "Reference Handler" daemon [_thread_blocked, id=11280, stack(0x0000004df2b00000,0x0000004df2c00000)]
  0x000001597ac06800 JavaThread "Finalizer" daemon [_thread_blocked, id=324, stack(0x0000004df2c00000,0x0000004df2d00000)]
  0x000001597ac5a800 JavaThread "Signal Dispatcher" daemon [_thread_blocked, id=13356, stack(0x0000004df2d00000,0x0000004df2e00000)]
  0x000001597ac5c800 JavaThread "Attach Listener" daemon [_thread_blocked, id=11232, stack(0x0000004df2e00000,0x0000004df2f00000)]
  0x000001597ac5e000 JavaThread "Service Thread" daemon [_thread_blocked, id=7196, stack(0x0000004df2f00000,0x0000004df3000000)]
=>0x000001597ac5f800 JavaThread "C2 CompilerThread0" daemon [_thread_in_native, id=11920, stack(0x0000004df3000000,0x0000004df3100000)]
  0x000001597ac66800 JavaThread "C1 CompilerThread0" daemon [_thread_blocked, id=10572, stack(0x0000004df3100000,0x0000004df3200000)]
  0x000001597ac6a000 JavaThread "Sweeper thread" daemon [_thread_blocked, id=552, stack(0x0000004df3200000,0x0000004df3300000)]
  0x000001597b707000 JavaThread "Common-Cleaner" daemon [_thread_blocked, id=12916, stack(0x0000004df3300000,0x0000004df3400000)]
  0x000001597c9cf800 JavaThread "Daemon health stats" [_thread_blocked, id=3360, stack(0x0000004df3600000,0x0000004df3700000)]
  0x000001597d6b0800 JavaThread "Incoming local TCP Connector on port 52697" [_thread_in_native, id=8256, stack(0x0000004df3700000,0x0000004df3800000)]
  0x000001597d989800 JavaThread "Daemon periodic checks" [_thread_blocked, id=10840, stack(0x0000004df3a00000,0x0000004df3b00000)]
  0x000001597baad800 JavaThread "Cache worker for journal cache (C:\Users\SCD UM\.gradle\caches\journal-1)" [_thread_blocked, id=2492, stack(0x0000004df4200000,0x0000004df4300000)]
  0x000001597baab000 JavaThread "File lock request listener" [_thread_in_native, id=2044, stack(0x0000004df4300000,0x0000004df4400000)]
  0x000001597baac000 JavaThread "Cache worker for file hash cache (C:\Users\SCD UM\.gradle\caches\7.5\fileHashes)" [_thread_blocked, id=11372, stack(0x0000004df4400000,0x0000004df4500000)]
  0x000001597baad000 JavaThread "File watcher server" daemon [_thread_in_native, id=5964, stack(0x0000004df4500000,0x0000004df4600000)]
  0x000001597baae800 JavaThread "File watcher consumer" daemon [_thread_blocked, id=3400, stack(0x0000004df4600000,0x0000004df4700000)]
  0x000001597baa8800 JavaThread "jar transforms" [_thread_blocked, id=13880, stack(0x0000004df4700000,0x0000004df4800000)]
  0x000001597baaf800 JavaThread "jar transforms Thread 2" [_thread_blocked, id=5412, stack(0x0000004df4800000,0x0000004df4900000)]
  0x000001597baa9800 JavaThread "jar transforms Thread 3" [_thread_blocked, id=8228, stack(0x0000004df4900000,0x0000004df4a00000)]
  0x000001597baaa800 JavaThread "jar transforms Thread 4" [_thread_blocked, id=13452, stack(0x0000004df4a00000,0x0000004df4b00000)]
  0x0000015900004800 JavaThread "Cache worker for file content cache (C:\Users\SCD UM\.gradle\caches\7.5\fileContent)" [_thread_blocked, id=7876, stack(0x0000004df4d00000,0x0000004df4e00000)]
  0x0000015900008800 JavaThread "Cache worker for execution history cache (C:\Users\SCD UM\.gradle\caches\7.5\executionHistory)" [_thread_blocked, id=14000, stack(0x0000004df5000000,0x0000004df5100000)]
  0x0000015902398000 JavaThread "Memory manager" [_thread_blocked, id=12872, stack(0x0000004df7c00000,0x0000004df7d00000)]
  0x0000015902391800 JavaThread "Daemon Thread 2" [_thread_blocked, id=4416, stack(0x0000004df2100000,0x0000004df2200000)]
  0x000001590238f000 JavaThread "Handler for socket connection from /127.0.0.1:52697 to /127.0.0.1:53208" [_thread_in_native, id=12884, stack(0x0000004df2200000,0x0000004df2300000)]
  0x000001590238c800 JavaThread "Cancel handler" [_thread_blocked, id=12452, stack(0x0000004df2300000,0x0000004df2400000)]
  0x000001590238d800 JavaThread "Daemon worker Thread 2" [_thread_blocked, id=8504, stack(0x0000004df3b00000,0x0000004df3c00000)]
  0x0000015902390000 JavaThread "Asynchronous log dispatcher for DefaultDaemonConnection: socket connection from /127.0.0.1:52697 to /127.0.0.1:53208" [_thread_blocked, id=5048, stack(0x0000004df3c00000,0x0000004df3d00000)]
  0x000001590238b800 JavaThread "Daemon client event forwarder" [_thread_blocked, id=8292, stack(0x0000004df3e00000,0x0000004df3f00000)]
  0x0000015902395800 JavaThread "Cache worker for checksums cache (C:\Users\SCD UM\Documents\mobile\projet-application-mobile\InterimApplication\.gradle\7.5\checksums)" [_thread_blocked, id=10468, stack(0x0000004df3f00000,0x0000004df4000000)]
  0x0000015902396800 JavaThread "Cache worker for cache directory md-rule (C:\Users\SCD UM\.gradle\caches\7.5\md-rule)" [_thread_blocked, id=14088, stack(0x0000004df4000000,0x0000004df4100000)]
  0x0000015902390800 JavaThread "Cache worker for file hash cache (C:\Users\SCD UM\Documents\mobile\projet-application-mobile\InterimApplication\.gradle\7.5\fileHashes)" [_thread_blocked, id=6228, stack(0x0000004df4100000,0x0000004df4200000)]
  0x0000015902397000 JavaThread "Cache worker for cache directory md-supplier (C:\Users\SCD UM\.gradle\caches\7.5\md-supplier)" [_thread_blocked, id=13060, stack(0x0000004df4b00000,0x0000004df4c00000)]
  0x0000015902392000 JavaThread "Cache worker for dependencies-accessors (C:\Users\SCD UM\Documents\mobile\projet-application-mobile\InterimApplication\.gradle\7.5\dependencies-accessors)" [_thread_blocked, id=7412, stack(0x0000004df4c00000,0x0000004df4d00000)]
  0x0000015902393000 JavaThread "Cache worker for Build Output Cleanup Cache (C:\Users\SCD UM\Documents\mobile\projet-application-mobile\InterimApplication\.gradle\buildOutputCleanup)" [_thread_blocked, id=3484, stack(0x0000004df4e00000,0x0000004df4f00000)]
  0x0000015902398800 JavaThread "Unconstrained build operations" [_thread_blocked, id=1076, stack(0x0000004df4f00000,0x0000004df5000000)]
  0x0000015902399800 JavaThread "Unconstrained build operations Thread 2" [_thread_blocked, id=14004, stack(0x0000004df5100000,0x0000004df5200000)]
  0x0000015902394800 JavaThread "Unconstrained build operations Thread 3" [_thread_blocked, id=6256, stack(0x0000004df5200000,0x0000004df5300000)]
  0x0000015902394000 JavaThread "Unconstrained build operations Thread 4" [_thread_blocked, id=2020, stack(0x0000004df5300000,0x0000004df5400000)]
  0x000001590239a800 JavaThread "Unconstrained build operations Thread 5" [_thread_blocked, id=13504, stack(0x0000004df5400000,0x0000004df5500000)]
  0x000001597e288800 JavaThread "Unconstrained build operations Thread 6" [_thread_blocked, id=13000, stack(0x0000004df5500000,0x0000004df5600000)]
  0x000001597e28b000 JavaThread "Unconstrained build operations Thread 7" [_thread_blocked, id=8364, stack(0x0000004df5600000,0x0000004df5700000)]
  0x000001597e287000 JavaThread "Unconstrained build operations Thread 8" [_thread_blocked, id=10692, stack(0x0000004df5700000,0x0000004df5800000)]
  0x000001597e28e000 JavaThread "Unconstrained build operations Thread 9" [_thread_blocked, id=6596, stack(0x0000004df5800000,0x0000004df5900000)]
  0x000001597e28f000 JavaThread "Unconstrained build operations Thread 10" [_thread_blocked, id=5364, stack(0x0000004df5900000,0x0000004df5a00000)]
  0x000001597e28d800 JavaThread "Unconstrained build operations Thread 11" [_thread_blocked, id=8284, stack(0x0000004df5a00000,0x0000004df5b00000)]
  0x000001597e289800 JavaThread "Unconstrained build operations Thread 12" [_thread_blocked, id=7764, stack(0x0000004df5b00000,0x0000004df5c00000)]
  0x000001597e290000 JavaThread "Unconstrained build operations Thread 13" [_thread_blocked, id=3440, stack(0x0000004df5c00000,0x0000004df5d00000)]
  0x000001597e28c800 JavaThread "Unconstrained build operations Thread 14" [_thread_blocked, id=9356, stack(0x0000004df5d00000,0x0000004df5e00000)]
  0x000001597e290800 JavaThread "Unconstrained build operations Thread 15" [_thread_blocked, id=13804, stack(0x0000004df5e00000,0x0000004df5f00000)]
  0x000001597e291800 JavaThread "Unconstrained build operations Thread 16" [_thread_blocked, id=5344, stack(0x0000004df5f00000,0x0000004df6000000)]
  0x000001597e28b800 JavaThread "Unconstrained build operations Thread 17" [_thread_blocked, id=5780, stack(0x0000004df6000000,0x0000004df6100000)]
  0x000001597e292800 JavaThread "Unconstrained build operations Thread 18" [_thread_blocked, id=9316, stack(0x0000004df6100000,0x0000004df6200000)]
  0x000001597e293000 JavaThread "Unconstrained build operations Thread 19" [_thread_blocked, id=10900, stack(0x0000004df6200000,0x0000004df6300000)]
  0x000001597e294000 JavaThread "Unconstrained build operations Thread 20" [_thread_in_Java, id=11228, stack(0x0000004df6300000,0x0000004df6400000)]
  0x000001597e294800 JavaThread "Unconstrained build operations Thread 21" [_thread_blocked, id=6804, stack(0x0000004df6400000,0x0000004df6500000)]
  0x000001597e295800 JavaThread "Unconstrained build operations Thread 22" [_thread_in_vm, id=8620, stack(0x0000004df6500000,0x0000004df6600000)]
  0x0000015900007800 JavaThread "Unconstrained build operations Thread 23" [_thread_blocked, id=4572, stack(0x0000004df6600000,0x0000004df6700000)]
  0x0000015900009000 JavaThread "Unconstrained build operations Thread 24" [_thread_blocked, id=6016, stack(0x0000004df6700000,0x0000004df6800000)]
  0x000001590000a000 JavaThread "Unconstrained build operations Thread 25" [_thread_blocked, id=8908, stack(0x0000004df6800000,0x0000004df6900000)]
  0x000001590000b000 JavaThread "Unconstrained build operations Thread 26" [_thread_blocked, id=4100, stack(0x0000004df6900000,0x0000004df6a00000)]
  0x0000015900006000 JavaThread "Unconstrained build operations Thread 27" [_thread_blocked, id=10344, stack(0x0000004df6a00000,0x0000004df6b00000)]
  0x0000015900005000 JavaThread "Unconstrained build operations Thread 28" [_thread_blocked, id=6968, stack(0x0000004df6b00000,0x0000004df6c00000)]
  0x000001590000c800 JavaThread "Unconstrained build operations Thread 29" [_thread_blocked, id=13584, stack(0x0000004df6c00000,0x0000004df6d00000)]
  0x0000015900007000 JavaThread "Unconstrained build operations Thread 30" [_thread_blocked, id=7564, stack(0x0000004df6d00000,0x0000004df6e00000)]
  0x0000015900010800 JavaThread "Unconstrained build operations Thread 31" [_thread_blocked, id=8296, stack(0x0000004df6e00000,0x0000004df6f00000)]
  0x0000015900011800 JavaThread "Unconstrained build operations Thread 32" [_thread_blocked, id=11444, stack(0x0000004df6f00000,0x0000004df7000000)]
  0x000001590000f000 JavaThread "Unconstrained build operations Thread 33" [_thread_blocked, id=8328, stack(0x0000004df7000000,0x0000004df7100000)]
  0x000001590000d800 JavaThread "Unconstrained build operations Thread 34" [_thread_blocked, id=12904, stack(0x0000004df7100000,0x0000004df7200000)]
  0x000001590000e000 JavaThread "Unconstrained build operations Thread 35" [_thread_blocked, id=13876, stack(0x0000004df7200000,0x0000004df7300000)]
  0x0000015900012000 JavaThread "Unconstrained build operations Thread 36" [_thread_blocked, id=12976, stack(0x0000004df7300000,0x0000004df7400000)]
  0x0000015900013000 JavaThread "Unconstrained build operations Thread 37" [_thread_blocked, id=1728, stack(0x0000004df7400000,0x0000004df7500000)]
  0x0000015900a19800 JavaThread "Unconstrained build operations Thread 38" [_thread_blocked, id=5976, stack(0x0000004df7500000,0x0000004df7600000)]
  0x0000015900a16800 JavaThread "Unconstrained build operations Thread 39" [_thread_blocked, id=12068, stack(0x0000004df7600000,0x0000004df7700000)]
  0x0000015900a17800 JavaThread "Unconstrained build operations Thread 40" [_thread_blocked, id=6624, stack(0x0000004df7700000,0x0000004df7800000)]
  0x0000015900a1d000 JavaThread "build event listener" [_thread_blocked, id=3728, stack(0x0000004df7800000,0x0000004df7900000)]
  0x0000015900a18000 JavaThread "included builds" [_thread_blocked, id=5240, stack(0x0000004df7a00000,0x0000004df7b00000)]
  0x0000015900a1e800 JavaThread "Execution worker" [_thread_blocked, id=11416, stack(0x0000004df7b00000,0x0000004df7c00000)]
  0x0000015900a19000 JavaThread "Execution worker Thread 2" [_thread_in_vm, id=2208, stack(0x0000004df7d00000,0x0000004df7e00000)]
  0x0000015900a1f800 JavaThread "Execution worker Thread 3" [_thread_blocked, id=13608, stack(0x0000004df7e00000,0x0000004df7f00000)]
  0x0000015900a1a800 JavaThread "Cache worker for execution history cache (C:\Users\SCD UM\Documents\mobile\projet-application-mobile\InterimApplication\.gradle\7.5\executionHistory)" [_thread_blocked, id=10436, stack(0x0000004df7f00000,0x0000004df8000000)]
  0x0000015900a1b800 JavaThread "WorkerExecutor Queue" [_thread_blocked, id=9448, stack(0x0000004df7900000,0x0000004df7a00000)]
  0x0000015900a22000 JavaThread "WorkerExecutor Queue Thread 2" [_thread_blocked, id=4248, stack(0x0000004df8100000,0x0000004df8200000)]
  0x0000015900a25000 JavaThread "WorkerExecutor Queue Thread 3" [_thread_blocked, id=4332, stack(0x0000004df8200000,0x0000004df8300000)]
  0x0000015900a20800 JavaThread "WorkerExecutor Queue Thread 4" [_thread_blocked, id=2472, stack(0x0000004df8300000,0x0000004df8400000)]
  0x0000015900a23800 JavaThread "pool-5-thread-1" [_thread_blocked, id=2192, stack(0x0000004df3d00000,0x0000004df3e00000)]
  0x0000015900a24800 JavaThread "stderr" [_thread_in_native, id=13448, stack(0x0000004df8000000,0x0000004df8100000)]
  0x000001590000f800 JavaThread "stdout" [_thread_in_native, id=12220, stack(0x0000004df8500000,0x0000004df8600000)]
  0x000001597b83c800 JavaThread "C2 CompilerThread1" daemon [_thread_in_native, id=10044, stack(0x0000004df8600000,0x0000004df8700000)]

Other Threads:
  0x000001597abf6800 VMThread "VM Thread" [stack: 0x0000004df2a00000,0x0000004df2b00000] [id=10000]
  0x000001597b70a000 WatcherThread [stack: 0x0000004df3400000,0x0000004df3500000] [id=7808]
  0x000001596102a800 GCTaskThread "GC Thread#0" [stack: 0x0000004df2500000,0x0000004df2600000] [id=13864]
  0x000001597bed6000 GCTaskThread "GC Thread#1" [stack: 0x0000004df3500000,0x0000004df3600000] [id=5132]
  0x000001597d111000 GCTaskThread "GC Thread#2" [stack: 0x0000004df3800000,0x0000004df3900000] [id=11164]
  0x000001597d633800 GCTaskThread "GC Thread#3" [stack: 0x0000004df3900000,0x0000004df3a00000] [id=10800]
  0x000001596105b800 ConcurrentGCThread "G1 Main Marker" [stack: 0x0000004df2600000,0x0000004df2700000] [id=1308]
  0x000001596105d000 ConcurrentGCThread "G1 Conc#0" [stack: 0x0000004df2700000,0x0000004df2800000] [id=7580]
  0x00000159610b5000 ConcurrentGCThread "G1 Refine#0" [stack: 0x0000004df2800000,0x0000004df2900000] [id=4592]
  0x00000159610b6000 ConcurrentGCThread "G1 Young RemSet Sampling" [stack: 0x0000004df2900000,0x0000004df2a00000] [id=6312]

Threads with active compile tasks:
C2 CompilerThread0  1196867 24393       4       com.android.tools.r8.internal.Ab::a (6176 bytes)
C1 CompilerThread0  1196867 24477       3       com.android.tools.r8.internal.Ia::a (871 bytes)
C2 CompilerThread1  1196868 24454       4       com.android.tools.r8.graph.C2::a (2673 bytes)

VM state:not at safepoint (normal execution)

VM Mutex/Monitor currently owned by a thread: None

Heap address: 0x0000000080000000, size: 2048 MB, Compressed Oops mode: 32-bit
Narrow klass base: 0x0000000000000000, Narrow klass shift: 3
Compressed class space size: 1073741824 Address: 0x0000000100000000

Heap:
 garbage-first heap   total 362496K, used 303208K [0x0000000080000000, 0x0000000100000000)
  region size 1024K, 71 young (72704K), 10 survivors (10240K)
 Metaspace       used 147102K, capacity 151451K, committed 151676K, reserved 1181696K
  class space    used 18282K, capacity 19888K, committed 19916K, reserved 1048576K
Heap Regions: E=young(eden), S=young(survivor), O=old, HS=humongous(starts), HC=humongous(continues), CS=collection set, F=free, A=archive, TAMS=top-at-mark-start (previous, next)
|   0|0x0000000080000000, 0x0000000080100000, 0x0000000080100000|100%|HS|  |TAMS 0x0000000080100000, 0x0000000080000000| Complete 
|   1|0x0000000080100000, 0x0000000080200000, 0x0000000080200000|100%|HC|  |TAMS 0x0000000080200000, 0x0000000080100000| Complete 
|   2|0x0000000080200000, 0x0000000080300000, 0x0000000080300000|100%|HC|  |TAMS 0x0000000080300000, 0x0000000080200000| Complete 
|   3|0x0000000080300000, 0x0000000080400000, 0x0000000080400000|100%| O|  |TAMS 0x0000000080400000, 0x0000000080300000| Untracked 
|   4|0x0000000080400000, 0x0000000080500000, 0x0000000080500000|100%| O|  |TAMS 0x0000000080500000, 0x0000000080400000| Untracked 
|   5|0x0000000080500000, 0x0000000080600000, 0x0000000080600000|100%| O|  |TAMS 0x0000000080600000, 0x0000000080500000| Untracked 
|   6|0x0000000080600000, 0x0000000080700000, 0x0000000080700000|100%| O|  |TAMS 0x0000000080700000, 0x0000000080600000| Untracked 
|   7|0x0000000080700000, 0x0000000080800000, 0x0000000080800000|100%| O|  |TAMS 0x0000000080800000, 0x0000000080700000| Untracked 
|   8|0x0000000080800000, 0x0000000080900000, 0x0000000080900000|100%| O|  |TAMS 0x0000000080900000, 0x0000000080800000| Untracked 
|   9|0x0000000080900000, 0x0000000080a00000, 0x0000000080a00000|100%| O|  |TAMS 0x0000000080a00000, 0x0000000080900000| Untracked 
|  10|0x0000000080a00000, 0x0000000080b00000, 0x0000000080b00000|100%| O|  |TAMS 0x0000000080b00000, 0x0000000080a00000| Untracked 
|  11|0x0000000080b00000, 0x0000000080c00000, 0x0000000080c00000|100%| O|  |TAMS 0x0000000080c00000, 0x0000000080b00000| Untracked 
|  12|0x0000000080c00000, 0x0000000080d00000, 0x0000000080d00000|100%| O|  |TAMS 0x0000000080d00000, 0x0000000080c00000| Untracked 
|  13|0x0000000080d00000, 0x0000000080e00000, 0x0000000080e00000|100%| O|  |TAMS 0x0000000080e00000, 0x0000000080d00000| Untracked 
|  14|0x0000000080e00000, 0x0000000080f00000, 0x0000000080f00000|100%| O|  |TAMS 0x0000000080f00000, 0x0000000080e00000| Untracked 
|  15|0x0000000080f00000, 0x0000000081000000, 0x0000000081000000|100%| O|  |TAMS 0x0000000081000000, 0x0000000080f00000| Untracked 
|  16|0x0000000081000000, 0x0000000081100000, 0x0000000081100000|100%| O|  |TAMS 0x0000000081100000, 0x0000000081000000| Untracked 
|  17|0x0000000081100000, 0x0000000081200000, 0x0000000081200000|100%|HS|  |TAMS 0x0000000081200000, 0x0000000081100000| Complete 
|  18|0x0000000081200000, 0x0000000081300000, 0x0000000081300000|100%|HC|  |TAMS 0x0000000081300000, 0x0000000081200000| Complete 
|  19|0x0000000081300000, 0x0000000081400000, 0x0000000081400000|100%|HS|  |TAMS 0x0000000081400000, 0x0000000081300000| Complete 
|  20|0x0000000081400000, 0x0000000081500000, 0x0000000081500000|100%|HC|  |TAMS 0x0000000081500000, 0x0000000081400000| Complete 
|  21|0x0000000081500000, 0x0000000081600000, 0x0000000081600000|100%|HC|  |TAMS 0x0000000081600000, 0x0000000081500000| Complete 
|  22|0x0000000081600000, 0x0000000081700000, 0x0000000081700000|100%|HS|  |TAMS 0x0000000081700000, 0x0000000081600000| Complete 
|  23|0x0000000081700000, 0x0000000081800000, 0x0000000081800000|100%|HC|  |TAMS 0x0000000081800000, 0x0000000081700000| Complete 
|  24|0x0000000081800000, 0x0000000081900000, 0x0000000081900000|100%|HC|  |TAMS 0x0000000081900000, 0x0000000081800000| Complete 
|  25|0x0000000081900000, 0x0000000081a00000, 0x0000000081a00000|100%|HS|  |TAMS 0x0000000081a00000, 0x0000000081900000| Complete 
|  26|0x0000000081a00000, 0x0000000081b00000, 0x0000000081b00000|100%|HC|  |TAMS 0x0000000081b00000, 0x0000000081a00000| Complete 
|  27|0x0000000081b00000, 0x0000000081c00000, 0x0000000081c00000|100%| O|  |TAMS 0x0000000081c00000, 0x0000000081b00000| Untracked 
|  28|0x0000000081c00000, 0x0000000081d00000, 0x0000000081d00000|100%|HS|  |TAMS 0x0000000081d00000, 0x0000000081c00000| Complete 
|  29|0x0000000081d00000, 0x0000000081e00000, 0x0000000081e00000|100%|HC|  |TAMS 0x0000000081e00000, 0x0000000081d00000| Complete 
|  30|0x0000000081e00000, 0x0000000081f00000, 0x0000000081f00000|100%|HC|  |TAMS 0x0000000081f00000, 0x0000000081e00000| Complete 
|  31|0x0000000081f00000, 0x0000000082000000, 0x0000000082000000|100%|HC|  |TAMS 0x0000000082000000, 0x0000000081f00000| Complete 
|  32|0x0000000082000000, 0x0000000082100000, 0x0000000082100000|100%|HC|  |TAMS 0x0000000082100000, 0x0000000082000000| Complete 
|  33|0x0000000082100000, 0x0000000082200000, 0x0000000082200000|100%| O|  |TAMS 0x0000000082200000, 0x0000000082100000| Untracked 
|  34|0x0000000082200000, 0x0000000082300000, 0x0000000082300000|100%| O|  |TAMS 0x0000000082300000, 0x0000000082200000| Untracked 
|  35|0x0000000082300000, 0x0000000082400000, 0x0000000082400000|100%| O|  |TAMS 0x0000000082400000, 0x0000000082300000| Untracked 
|  36|0x0000000082400000, 0x0000000082500000, 0x0000000082500000|100%| O|  |TAMS 0x0000000082500000, 0x0000000082400000| Untracked 
|  37|0x0000000082500000, 0x0000000082600000, 0x0000000082600000|100%| O|  |TAMS 0x0000000082600000, 0x0000000082500000| Untracked 
|  38|0x0000000082600000, 0x0000000082700000, 0x0000000082700000|100%| O|  |TAMS 0x0000000082700000, 0x0000000082600000| Untracked 
|  39|0x0000000082700000, 0x0000000082800000, 0x0000000082800000|100%| O|  |TAMS 0x0000000082800000, 0x0000000082700000| Untracked 
|  40|0x0000000082800000, 0x0000000082900000, 0x0000000082900000|100%| O|  |TAMS 0x0000000082900000, 0x0000000082800000| Untracked 
|  41|0x0000000082900000, 0x0000000082a00000, 0x0000000082a00000|100%| O|  |TAMS 0x0000000082a00000, 0x0000000082900000| Untracked 
|  42|0x0000000082a00000, 0x0000000082b00000, 0x0000000082b00000|100%| O|  |TAMS 0x0000000082b00000, 0x0000000082a00000| Untracked 
|  43|0x0000000082b00000, 0x0000000082c00000, 0x0000000082c00000|100%| O|  |TAMS 0x0000000082c00000, 0x0000000082b00000| Untracked 
|  44|0x0000000082c00000, 0x0000000082d00000, 0x0000000082d00000|100%|HS|  |TAMS 0x0000000082d00000, 0x0000000082c00000| Complete 
|  45|0x0000000082d00000, 0x0000000082e00000, 0x0000000082e00000|100%|HC|  |TAMS 0x0000000082e00000, 0x0000000082d00000| Complete 
|  46|0x0000000082e00000, 0x0000000082f00000, 0x0000000082f00000|100%| O|  |TAMS 0x0000000082f00000, 0x0000000082e00000| Untracked 
|  47|0x0000000082f00000, 0x0000000083000000, 0x0000000083000000|100%| O|  |TAMS 0x0000000083000000, 0x0000000082f00000| Untracked 
|  48|0x0000000083000000, 0x0000000083100000, 0x0000000083100000|100%| O|  |TAMS 0x0000000083100000, 0x0000000083000000| Untracked 
|  49|0x0000000083100000, 0x0000000083200000, 0x0000000083200000|100%|HS|  |TAMS 0x0000000083200000, 0x0000000083100000| Complete 
|  50|0x0000000083200000, 0x0000000083300000, 0x0000000083300000|100%|HC|  |TAMS 0x0000000083300000, 0x0000000083200000| Complete 
|  51|0x0000000083300000, 0x0000000083400000, 0x0000000083400000|100%|HC|  |TAMS 0x0000000083400000, 0x0000000083300000| Complete 
|  52|0x0000000083400000, 0x0000000083500000, 0x0000000083500000|100%|HC|  |TAMS 0x0000000083500000, 0x0000000083400000| Complete 
|  53|0x0000000083500000, 0x0000000083600000, 0x0000000083600000|100%|HC|  |TAMS 0x0000000083600000, 0x0000000083500000| Complete 
|  54|0x0000000083600000, 0x0000000083700000, 0x0000000083700000|100%|HC|  |TAMS 0x0000000083700000, 0x0000000083600000| Complete 
|  55|0x0000000083700000, 0x0000000083800000, 0x0000000083800000|100%|HC|  |TAMS 0x0000000083800000, 0x0000000083700000| Complete 
|  56|0x0000000083800000, 0x0000000083900000, 0x0000000083900000|100%|HC|  |TAMS 0x0000000083900000, 0x0000000083800000| Complete 
|  57|0x0000000083900000, 0x0000000083a00000, 0x0000000083a00000|100%|HC|  |TAMS 0x0000000083a00000, 0x0000000083900000| Complete 
|  58|0x0000000083a00000, 0x0000000083b00000, 0x0000000083b00000|100%|HC|  |TAMS 0x0000000083b00000, 0x0000000083a00000| Complete 
|  59|0x0000000083b00000, 0x0000000083c00000, 0x0000000083c00000|100%|HS|  |TAMS 0x0000000083c00000, 0x0000000083b00000| Complete 
|  60|0x0000000083c00000, 0x0000000083d00000, 0x0000000083d00000|100%|HC|  |TAMS 0x0000000083d00000, 0x0000000083c00000| Complete 
|  61|0x0000000083d00000, 0x0000000083e00000, 0x0000000083e00000|100%|HC|  |TAMS 0x0000000083e00000, 0x0000000083d00000| Complete 
|  62|0x0000000083e00000, 0x0000000083f00000, 0x0000000083f00000|100%|HS|  |TAMS 0x0000000083f00000, 0x0000000083e00000| Complete 
|  63|0x0000000083f00000, 0x0000000084000000, 0x0000000084000000|100%|HC|  |TAMS 0x0000000084000000, 0x0000000083f00000| Complete 
|  64|0x0000000084000000, 0x0000000084100000, 0x0000000084100000|100%|HS|  |TAMS 0x0000000084100000, 0x0000000084000000| Complete 
|  65|0x0000000084100000, 0x0000000084200000, 0x0000000084200000|100%|HC|  |TAMS 0x0000000084200000, 0x0000000084100000| Complete 
|  66|0x0000000084200000, 0x0000000084300000, 0x0000000084300000|100%|HC|  |TAMS 0x0000000084300000, 0x0000000084200000| Complete 
|  67|0x0000000084300000, 0x0000000084400000, 0x0000000084400000|100%| O|  |TAMS 0x0000000084400000, 0x0000000084300000| Untracked 
|  68|0x0000000084400000, 0x0000000084500000, 0x0000000084500000|100%| O|  |TAMS 0x0000000084500000, 0x0000000084400000| Untracked 
|  69|0x0000000084500000, 0x0000000084600000, 0x0000000084600000|100%| O|  |TAMS 0x0000000084600000, 0x0000000084500000| Untracked 
|  70|0x0000000084600000, 0x0000000084700000, 0x0000000084700000|100%| O|  |TAMS 0x0000000084700000, 0x0000000084600000| Untracked 
|  71|0x0000000084700000, 0x0000000084800000, 0x0000000084800000|100%| O|  |TAMS 0x0000000084800000, 0x0000000084700000| Untracked 
|  72|0x0000000084800000, 0x0000000084900000, 0x0000000084900000|100%| O|  |TAMS 0x0000000084900000, 0x0000000084800000| Untracked 
|  73|0x0000000084900000, 0x0000000084a00000, 0x0000000084a00000|100%|HS|  |TAMS 0x0000000084a00000, 0x0000000084900000| Complete 
|  74|0x0000000084a00000, 0x0000000084b00000, 0x0000000084b00000|100%|HC|  |TAMS 0x0000000084b00000, 0x0000000084a00000| Complete 
|  75|0x0000000084b00000, 0x0000000084c00000, 0x0000000084c00000|100%|HC|  |TAMS 0x0000000084c00000, 0x0000000084b00000| Complete 
|  76|0x0000000084c00000, 0x0000000084d00000, 0x0000000084d00000|100%|HC|  |TAMS 0x0000000084d00000, 0x0000000084c00000| Complete 
|  77|0x0000000084d00000, 0x0000000084e00000, 0x0000000084e00000|100%|HC|  |TAMS 0x0000000084e00000, 0x0000000084d00000| Complete 
|  78|0x0000000084e00000, 0x0000000084f00000, 0x0000000084f00000|100%| O|  |TAMS 0x0000000084f00000, 0x0000000084e00000| Untracked 
|  79|0x0000000084f00000, 0x0000000085000000, 0x0000000085000000|100%| O|  |TAMS 0x0000000085000000, 0x0000000084f00000| Untracked 
|  80|0x0000000085000000, 0x0000000085100000, 0x0000000085100000|100%| O|  |TAMS 0x0000000085100000, 0x0000000085000000| Untracked 
|  81|0x0000000085100000, 0x0000000085200000, 0x0000000085200000|100%| O|  |TAMS 0x0000000085200000, 0x0000000085100000| Untracked 
|  82|0x0000000085200000, 0x0000000085300000, 0x0000000085300000|100%| O|  |TAMS 0x0000000085300000, 0x0000000085200000| Untracked 
|  83|0x0000000085300000, 0x0000000085400000, 0x0000000085400000|100%| O|  |TAMS 0x0000000085400000, 0x0000000085300000| Untracked 
|  84|0x0000000085400000, 0x0000000085500000, 0x0000000085500000|100%| O|  |TAMS 0x0000000085500000, 0x0000000085400000| Untracked 
|  85|0x0000000085500000, 0x0000000085600000, 0x0000000085600000|100%| O|  |TAMS 0x0000000085600000, 0x0000000085500000| Untracked 
|  86|0x0000000085600000, 0x0000000085700000, 0x0000000085700000|100%| O|  |TAMS 0x0000000085700000, 0x0000000085600000| Untracked 
|  87|0x0000000085700000, 0x0000000085800000, 0x0000000085800000|100%|HS|  |TAMS 0x0000000085800000, 0x0000000085700000| Complete 
|  88|0x0000000085800000, 0x0000000085900000, 0x0000000085900000|100%|HS|  |TAMS 0x0000000085900000, 0x0000000085800000| Complete 
|  89|0x0000000085900000, 0x0000000085a00000, 0x0000000085a00000|100%| O|  |TAMS 0x0000000085900000, 0x0000000085900000| Untracked 
|  90|0x0000000085a00000, 0x0000000085b00000, 0x0000000085b00000|100%| O|  |TAMS 0x0000000085b00000, 0x0000000085a00000| Untracked 
|  91|0x0000000085b00000, 0x0000000085c00000, 0x0000000085c00000|100%| O|  |TAMS 0x0000000085c00000, 0x0000000085b00000| Untracked 
|  92|0x0000000085c00000, 0x0000000085d00000, 0x0000000085d00000|100%| O|  |TAMS 0x0000000085d00000, 0x0000000085c00000| Untracked 
|  93|0x0000000085d00000, 0x0000000085e00000, 0x0000000085e00000|100%| O|  |TAMS 0x0000000085e00000, 0x0000000085d00000| Untracked 
|  94|0x0000000085e00000, 0x0000000085f00000, 0x0000000085f00000|100%| O|  |TAMS 0x0000000085f00000, 0x0000000085e00000| Untracked 
|  95|0x0000000085f00000, 0x0000000086000000, 0x0000000086000000|100%| O|  |TAMS 0x0000000086000000, 0x0000000085f00000| Untracked 
|  96|0x0000000086000000, 0x0000000086100000, 0x0000000086100000|100%| O|  |TAMS 0x0000000086100000, 0x0000000086000000| Untracked 
|  97|0x0000000086100000, 0x0000000086200000, 0x0000000086200000|100%| O|  |TAMS 0x0000000086200000, 0x0000000086100000| Untracked 
|  98|0x0000000086200000, 0x0000000086300000, 0x0000000086300000|100%| O|  |TAMS 0x0000000086300000, 0x0000000086200000| Untracked 
|  99|0x0000000086300000, 0x0000000086400000, 0x0000000086400000|100%| O|  |TAMS 0x0000000086400000, 0x0000000086300000| Untracked 
| 100|0x0000000086400000, 0x0000000086500000, 0x0000000086500000|100%| O|  |TAMS 0x0000000086500000, 0x0000000086400000| Untracked 
| 101|0x0000000086500000, 0x0000000086600000, 0x0000000086600000|100%| O|  |TAMS 0x0000000086600000, 0x0000000086500000| Untracked 
| 102|0x0000000086600000, 0x0000000086700000, 0x0000000086700000|100%| O|  |TAMS 0x0000000086700000, 0x0000000086600000| Untracked 
| 103|0x0000000086700000, 0x0000000086800000, 0x0000000086800000|100%| O|  |TAMS 0x0000000086800000, 0x0000000086700000| Untracked 
| 104|0x0000000086800000, 0x0000000086900000, 0x0000000086900000|100%| O|  |TAMS 0x0000000086900000, 0x0000000086800000| Untracked 
| 105|0x0000000086900000, 0x0000000086a00000, 0x0000000086a00000|100%| O|  |TAMS 0x0000000086a00000, 0x0000000086900000| Untracked 
| 106|0x0000000086a00000, 0x0000000086b00000, 0x0000000086b00000|100%| O|  |TAMS 0x0000000086b00000, 0x0000000086a00000| Untracked 
| 107|0x0000000086b00000, 0x0000000086c00000, 0x0000000086c00000|100%| O|  |TAMS 0x0000000086c00000, 0x0000000086b00000| Untracked 
| 108|0x0000000086c00000, 0x0000000086d00000, 0x0000000086d00000|100%| O|  |TAMS 0x0000000086d00000, 0x0000000086c00000| Untracked 
| 109|0x0000000086d00000, 0x0000000086e00000, 0x0000000086e00000|100%| O|  |TAMS 0x0000000086e00000, 0x0000000086d00000| Untracked 
| 110|0x0000000086e00000, 0x0000000086f00000, 0x0000000086f00000|100%| O|  |TAMS 0x0000000086f00000, 0x0000000086e00000| Untracked 
| 111|0x0000000086f00000, 0x0000000087000000, 0x0000000087000000|100%| O|  |TAMS 0x0000000087000000, 0x0000000086f00000| Untracked 
| 112|0x0000000087000000, 0x0000000087100000, 0x0000000087100000|100%|HS|  |TAMS 0x0000000087100000, 0x0000000087000000| Complete 
| 113|0x0000000087100000, 0x0000000087200000, 0x0000000087200000|100%|HC|  |TAMS 0x0000000087200000, 0x0000000087100000| Complete 
| 114|0x0000000087200000, 0x0000000087300000, 0x0000000087300000|100%|HC|  |TAMS 0x0000000087300000, 0x0000000087200000| Complete 
| 115|0x0000000087300000, 0x0000000087400000, 0x0000000087400000|100%|HC|  |TAMS 0x0000000087400000, 0x0000000087300000| Complete 
| 116|0x0000000087400000, 0x0000000087500000, 0x0000000087500000|100%|HC|  |TAMS 0x0000000087500000, 0x0000000087400000| Complete 
| 117|0x0000000087500000, 0x0000000087600000, 0x0000000087600000|100%|HC|  |TAMS 0x0000000087600000, 0x0000000087500000| Complete 
| 118|0x0000000087600000, 0x0000000087700000, 0x0000000087700000|100%|HC|  |TAMS 0x0000000087700000, 0x0000000087600000| Complete 
| 119|0x0000000087700000, 0x0000000087800000, 0x0000000087800000|100%|HC|  |TAMS 0x0000000087800000, 0x0000000087700000| Complete 
| 120|0x0000000087800000, 0x0000000087900000, 0x0000000087900000|100%|HC|  |TAMS 0x0000000087900000, 0x0000000087800000| Complete 
| 121|0x0000000087900000, 0x0000000087a00000, 0x0000000087a00000|100%|HC|  |TAMS 0x0000000087a00000, 0x0000000087900000| Complete 
| 122|0x0000000087a00000, 0x0000000087b00000, 0x0000000087b00000|100%|HS|  |TAMS 0x0000000087b00000, 0x0000000087a00000| Complete 
| 123|0x0000000087b00000, 0x0000000087c00000, 0x0000000087c00000|100%|HC|  |TAMS 0x0000000087c00000, 0x0000000087b00000| Complete 
| 124|0x0000000087c00000, 0x0000000087d00000, 0x0000000087d00000|100%|HS|  |TAMS 0x0000000087d00000, 0x0000000087c00000| Complete 
| 125|0x0000000087d00000, 0x0000000087e00000, 0x0000000087e00000|100%|HC|  |TAMS 0x0000000087e00000, 0x0000000087d00000| Complete 
| 126|0x0000000087e00000, 0x0000000087f00000, 0x0000000087f00000|100%|HS|  |TAMS 0x0000000087f00000, 0x0000000087e00000| Complete 
| 127|0x0000000087f00000, 0x0000000088000000, 0x0000000088000000|100%|HC|  |TAMS 0x0000000088000000, 0x0000000087f00000| Complete 
| 128|0x0000000088000000, 0x0000000088100000, 0x0000000088100000|100%|HC|  |TAMS 0x0000000088100000, 0x0000000088000000| Complete 
| 129|0x0000000088100000, 0x0000000088200000, 0x0000000088200000|100%| O|  |TAMS 0x0000000088200000, 0x0000000088100000| Untracked 
| 130|0x0000000088200000, 0x0000000088300000, 0x0000000088300000|100%| O|  |TAMS 0x0000000088300000, 0x0000000088200000| Untracked 
| 131|0x0000000088300000, 0x0000000088400000, 0x0000000088400000|100%| O|  |TAMS 0x0000000088400000, 0x0000000088300000| Untracked 
| 132|0x0000000088400000, 0x0000000088500000, 0x0000000088500000|100%|HS|  |TAMS 0x0000000088500000, 0x0000000088400000| Complete 
| 133|0x0000000088500000, 0x0000000088600000, 0x0000000088600000|100%|HC|  |TAMS 0x0000000088600000, 0x0000000088500000| Complete 
| 134|0x0000000088600000, 0x0000000088700000, 0x0000000088700000|100%|HC|  |TAMS 0x0000000088700000, 0x0000000088600000| Complete 
| 135|0x0000000088700000, 0x0000000088800000, 0x0000000088800000|100%|HS|  |TAMS 0x0000000088800000, 0x0000000088700000| Complete 
| 136|0x0000000088800000, 0x0000000088900000, 0x0000000088900000|100%|HC|  |TAMS 0x0000000088900000, 0x0000000088800000| Complete 
| 137|0x0000000088900000, 0x0000000088a00000, 0x0000000088a00000|100%|HS|  |TAMS 0x0000000088a00000, 0x0000000088900000| Complete 
| 138|0x0000000088a00000, 0x0000000088b00000, 0x0000000088b00000|100%|HC|  |TAMS 0x0000000088b00000, 0x0000000088a00000| Complete 
| 139|0x0000000088b00000, 0x0000000088c00000, 0x0000000088c00000|100%|HC|  |TAMS 0x0000000088c00000, 0x0000000088b00000| Complete 
| 140|0x0000000088c00000, 0x0000000088d00000, 0x0000000088d00000|100%|HC|  |TAMS 0x0000000088d00000, 0x0000000088c00000| Complete 
| 141|0x0000000088d00000, 0x0000000088e00000, 0x0000000088e00000|100%|HC|  |TAMS 0x0000000088e00000, 0x0000000088d00000| Complete 
| 142|0x0000000088e00000, 0x0000000088f00000, 0x0000000088f00000|100%|HS|  |TAMS 0x0000000088f00000, 0x0000000088e00000| Complete 
| 143|0x0000000088f00000, 0x0000000089000000, 0x0000000089000000|100%|HC|  |TAMS 0x0000000089000000, 0x0000000088f00000| Complete 
| 144|0x0000000089000000, 0x0000000089100000, 0x0000000089100000|100%|HC|  |TAMS 0x0000000089100000, 0x0000000089000000| Complete 
| 145|0x0000000089100000, 0x0000000089200000, 0x0000000089200000|100%|HC|  |TAMS 0x0000000089200000, 0x0000000089100000| Complete 
| 146|0x0000000089200000, 0x0000000089300000, 0x0000000089300000|100%|HC|  |TAMS 0x0000000089300000, 0x0000000089200000| Complete 
| 147|0x0000000089300000, 0x0000000089400000, 0x0000000089400000|100%|HC|  |TAMS 0x0000000089400000, 0x0000000089300000| Complete 
| 148|0x0000000089400000, 0x0000000089500000, 0x0000000089500000|100%|HC|  |TAMS 0x0000000089500000, 0x0000000089400000| Complete 
| 149|0x0000000089500000, 0x0000000089600000, 0x0000000089600000|100%|HC|  |TAMS 0x0000000089600000, 0x0000000089500000| Complete 
| 150|0x0000000089600000, 0x0000000089700000, 0x0000000089700000|100%|HC|  |TAMS 0x0000000089700000, 0x0000000089600000| Complete 
| 151|0x0000000089700000, 0x0000000089800000, 0x0000000089800000|100%|HC|  |TAMS 0x0000000089800000, 0x0000000089700000| Complete 
| 152|0x0000000089800000, 0x0000000089900000, 0x0000000089900000|100%| O|  |TAMS 0x0000000089900000, 0x0000000089800000| Untracked 
| 153|0x0000000089900000, 0x0000000089a00000, 0x0000000089a00000|100%| O|  |TAMS 0x0000000089a00000, 0x0000000089900000| Untracked 
| 154|0x0000000089a00000, 0x0000000089b00000, 0x0000000089b00000|100%|HS|  |TAMS 0x0000000089b00000, 0x0000000089a00000| Complete 
| 155|0x0000000089b00000, 0x0000000089c00000, 0x0000000089c00000|100%|HC|  |TAMS 0x0000000089c00000, 0x0000000089b00000| Complete 
| 156|0x0000000089c00000, 0x0000000089d00000, 0x0000000089d00000|100%| O|  |TAMS 0x0000000089d00000, 0x0000000089c00000| Untracked 
| 157|0x0000000089d00000, 0x0000000089e00000, 0x0000000089e00000|100%| O|  |TAMS 0x0000000089e00000, 0x0000000089d00000| Untracked 
| 158|0x0000000089e00000, 0x0000000089f00000, 0x0000000089f00000|100%| O|  |TAMS 0x0000000089f00000, 0x0000000089e00000| Untracked 
| 159|0x0000000089f00000, 0x000000008a000000, 0x000000008a000000|100%| O|  |TAMS 0x000000008a000000, 0x0000000089f00000| Untracked 
| 160|0x000000008a000000, 0x000000008a100000, 0x000000008a100000|100%| O|  |TAMS 0x000000008a100000, 0x000000008a000000| Untracked 
| 161|0x000000008a100000, 0x000000008a200000, 0x000000008a200000|100%| O|  |TAMS 0x000000008a200000, 0x000000008a100000| Untracked 
| 162|0x000000008a200000, 0x000000008a300000, 0x000000008a300000|100%| O|  |TAMS 0x000000008a300000, 0x000000008a200000| Untracked 
| 163|0x000000008a300000, 0x000000008a400000, 0x000000008a400000|100%| O|  |TAMS 0x000000008a400000, 0x000000008a300000| Untracked 
| 164|0x000000008a400000, 0x000000008a500000, 0x000000008a500000|100%| O|  |TAMS 0x000000008a500000, 0x000000008a400000| Untracked 
| 165|0x000000008a500000, 0x000000008a600000, 0x000000008a600000|100%| O|  |TAMS 0x000000008a600000, 0x000000008a500000| Untracked 
| 166|0x000000008a600000, 0x000000008a700000, 0x000000008a700000|100%| O|  |TAMS 0x000000008a700000, 0x000000008a600000| Untracked 
| 167|0x000000008a700000, 0x000000008a800000, 0x000000008a800000|100%| O|  |TAMS 0x000000008a800000, 0x000000008a700000| Untracked 
| 168|0x000000008a800000, 0x000000008a900000, 0x000000008a900000|100%| O|  |TAMS 0x000000008a900000, 0x000000008a800000| Untracked 
| 169|0x000000008a900000, 0x000000008aa00000, 0x000000008aa00000|100%| O|  |TAMS 0x000000008aa00000, 0x000000008a900000| Untracked 
| 170|0x000000008aa00000, 0x000000008ab00000, 0x000000008ab00000|100%| O|  |TAMS 0x000000008ab00000, 0x000000008aa00000| Untracked 
| 171|0x000000008ab00000, 0x000000008ac00000, 0x000000008ac00000|100%| O|  |TAMS 0x000000008ac00000, 0x000000008ab00000| Untracked 
| 172|0x000000008ac00000, 0x000000008ad00000, 0x000000008ad00000|100%| O|  |TAMS 0x000000008ad00000, 0x000000008ac00000| Untracked 
| 173|0x000000008ad00000, 0x000000008ae00000, 0x000000008ae00000|100%| O|  |TAMS 0x000000008ae00000, 0x000000008ad00000| Untracked 
| 174|0x000000008ae00000, 0x000000008af00000, 0x000000008af00000|100%| O|  |TAMS 0x000000008af00000, 0x000000008ae00000| Untracked 
| 175|0x000000008af00000, 0x000000008b000000, 0x000000008b000000|100%| O|  |TAMS 0x000000008b000000, 0x000000008af00000| Untracked 
| 176|0x000000008b000000, 0x000000008b100000, 0x000000008b100000|100%| O|  |TAMS 0x000000008b100000, 0x000000008b000000| Untracked 
| 177|0x000000008b100000, 0x000000008b200000, 0x000000008b200000|100%| O|  |TAMS 0x000000008b200000, 0x000000008b100000| Untracked 
| 178|0x000000008b200000, 0x000000008b300000, 0x000000008b300000|100%| O|  |TAMS 0x000000008b300000, 0x000000008b200000| Untracked 
| 179|0x000000008b300000, 0x000000008b400000, 0x000000008b400000|100%| O|  |TAMS 0x000000008b400000, 0x000000008b300000| Untracked 
| 180|0x000000008b400000, 0x000000008b500000, 0x000000008b500000|100%| O|  |TAMS 0x000000008b500000, 0x000000008b400000| Untracked 
| 181|0x000000008b500000, 0x000000008b600000, 0x000000008b600000|100%| O|  |TAMS 0x000000008b600000, 0x000000008b500000| Untracked 
| 182|0x000000008b600000, 0x000000008b700000, 0x000000008b700000|100%| O|  |TAMS 0x000000008b700000, 0x000000008b600000| Untracked 
| 183|0x000000008b700000, 0x000000008b800000, 0x000000008b800000|100%| O|  |TAMS 0x000000008b800000, 0x000000008b700000| Untracked 
| 184|0x000000008b800000, 0x000000008b900000, 0x000000008b900000|100%| O|  |TAMS 0x000000008b900000, 0x000000008b800000| Untracked 
| 185|0x000000008b900000, 0x000000008ba00000, 0x000000008ba00000|100%| O|  |TAMS 0x000000008ba00000, 0x000000008b900000| Untracked 
| 186|0x000000008ba00000, 0x000000008bb00000, 0x000000008bb00000|100%| O|  |TAMS 0x000000008bb00000, 0x000000008ba00000| Untracked 
| 187|0x000000008bb00000, 0x000000008bc00000, 0x000000008bc00000|100%| O|  |TAMS 0x000000008bc00000, 0x000000008bb00000| Untracked 
| 188|0x000000008bc00000, 0x000000008bd00000, 0x000000008bd00000|100%| O|  |TAMS 0x000000008bd00000, 0x000000008bc00000| Untracked 
| 189|0x000000008bd00000, 0x000000008be00000, 0x000000008be00000|100%| O|  |TAMS 0x000000008be00000, 0x000000008bd00000| Untracked 
| 190|0x000000008be00000, 0x000000008bf00000, 0x000000008bf00000|100%| O|  |TAMS 0x000000008bf00000, 0x000000008be00000| Untracked 
| 191|0x000000008bf00000, 0x000000008c000000, 0x000000008c000000|100%| O|  |TAMS 0x000000008c000000, 0x000000008bf00000| Untracked 
| 192|0x000000008c000000, 0x000000008c100000, 0x000000008c100000|100%| O|  |TAMS 0x000000008c100000, 0x000000008c000000| Untracked 
| 193|0x000000008c100000, 0x000000008c200000, 0x000000008c200000|100%| O|  |TAMS 0x000000008c200000, 0x000000008c100000| Untracked 
| 194|0x000000008c200000, 0x000000008c300000, 0x000000008c300000|100%| O|  |TAMS 0x000000008c300000, 0x000000008c200000| Untracked 
| 195|0x000000008c300000, 0x000000008c400000, 0x000000008c400000|100%| O|  |TAMS 0x000000008c400000, 0x000000008c300000| Untracked 
| 196|0x000000008c400000, 0x000000008c500000, 0x000000008c500000|100%| O|  |TAMS 0x000000008c500000, 0x000000008c400000| Untracked 
| 197|0x000000008c500000, 0x000000008c600000, 0x000000008c600000|100%| O|  |TAMS 0x000000008c600000, 0x000000008c500000| Untracked 
| 198|0x000000008c600000, 0x000000008c700000, 0x000000008c700000|100%| O|  |TAMS 0x000000008c700000, 0x000000008c600000| Untracked 
| 199|0x000000008c700000, 0x000000008c800000, 0x000000008c800000|100%| O|  |TAMS 0x000000008c800000, 0x000000008c700000| Untracked 
| 200|0x000000008c800000, 0x000000008c900000, 0x000000008c900000|100%| O|  |TAMS 0x000000008c900000, 0x000000008c800000| Untracked 
| 201|0x000000008c900000, 0x000000008ca00000, 0x000000008ca00000|100%| O|  |TAMS 0x000000008ca00000, 0x000000008c900000| Untracked 
| 202|0x000000008ca00000, 0x000000008cb00000, 0x000000008cb00000|100%| O|  |TAMS 0x000000008cb00000, 0x000000008ca00000| Untracked 
| 203|0x000000008cb00000, 0x000000008cc00000, 0x000000008cc00000|100%| O|  |TAMS 0x000000008cc00000, 0x000000008cb00000| Untracked 
| 204|0x000000008cc00000, 0x000000008cd00000, 0x000000008cd00000|100%| O|  |TAMS 0x000000008cd00000, 0x000000008cc00000| Untracked 
| 205|0x000000008cd00000, 0x000000008ce00000, 0x000000008ce00000|100%| O|  |TAMS 0x000000008ce00000, 0x000000008cd00000| Untracked 
| 206|0x000000008ce00000, 0x000000008cf00000, 0x000000008cf00000|100%| O|  |TAMS 0x000000008cf00000, 0x000000008ce00000| Untracked 
| 207|0x000000008cf00000, 0x000000008d000000, 0x000000008d000000|100%| O|  |TAMS 0x000000008d000000, 0x000000008cf00000| Untracked 
| 208|0x000000008d000000, 0x000000008d100000, 0x000000008d100000|100%| O|  |TAMS 0x000000008d100000, 0x000000008d000000| Untracked 
| 209|0x000000008d100000, 0x000000008d200000, 0x000000008d200000|100%| O|  |TAMS 0x000000008d200000, 0x000000008d100000| Untracked 
| 210|0x000000008d200000, 0x000000008d300000, 0x000000008d300000|100%| O|  |TAMS 0x000000008d300000, 0x000000008d200000| Untracked 
| 211|0x000000008d300000, 0x000000008d400000, 0x000000008d400000|100%| O|  |TAMS 0x000000008d400000, 0x000000008d300000| Untracked 
| 212|0x000000008d400000, 0x000000008d500000, 0x000000008d500000|100%| O|  |TAMS 0x000000008d500000, 0x000000008d400000| Untracked 
| 213|0x000000008d500000, 0x000000008d600000, 0x000000008d600000|100%| O|  |TAMS 0x000000008d600000, 0x000000008d500000| Untracked 
| 214|0x000000008d600000, 0x000000008d700000, 0x000000008d700000|100%| O|  |TAMS 0x000000008d700000, 0x000000008d600000| Untracked 
| 215|0x000000008d700000, 0x000000008d800000, 0x000000008d800000|100%| O|  |TAMS 0x000000008d800000, 0x000000008d700000| Untracked 
| 216|0x000000008d800000, 0x000000008d900000, 0x000000008d900000|100%| O|  |TAMS 0x000000008d900000, 0x000000008d800000| Untracked 
| 217|0x000000008d900000, 0x000000008da00000, 0x000000008da00000|100%| O|  |TAMS 0x000000008d92d800, 0x000000008d900000| Untracked 
| 218|0x000000008da00000, 0x000000008db00000, 0x000000008db00000|100%| O|  |TAMS 0x000000008da00000, 0x000000008da00000| Untracked 
| 219|0x000000008db00000, 0x000000008dc00000, 0x000000008dc00000|100%| O|  |TAMS 0x000000008db00000, 0x000000008db00000| Untracked 
| 220|0x000000008dc00000, 0x000000008dd00000, 0x000000008dd00000|100%| O|  |TAMS 0x000000008dc00000, 0x000000008dc00000| Untracked 
| 221|0x000000008dd00000, 0x000000008de00000, 0x000000008de00000|100%| O|  |TAMS 0x000000008dd00000, 0x000000008dd00000| Untracked 
| 222|0x000000008de00000, 0x000000008df00000, 0x000000008df00000|100%| O|  |TAMS 0x000000008de00000, 0x000000008de00000| Untracked 
| 223|0x000000008df00000, 0x000000008e000000, 0x000000008e000000|100%| O|  |TAMS 0x000000008e000000, 0x000000008df00000| Untracked 
| 224|0x000000008e000000, 0x000000008e100000, 0x000000008e100000|100%| O|  |TAMS 0x000000008e000000, 0x000000008e000000| Untracked 
| 225|0x000000008e100000, 0x000000008e11a200, 0x000000008e200000| 10%| O|  |TAMS 0x000000008e100000, 0x000000008e100000| Untracked 
| 226|0x000000008e200000, 0x000000008e200000, 0x000000008e300000|  0%| F|  |TAMS 0x000000008e200000, 0x000000008e200000| Untracked 
| 227|0x000000008e300000, 0x000000008e300000, 0x000000008e400000|  0%| F|  |TAMS 0x000000008e300000, 0x000000008e300000| Untracked 
| 228|0x000000008e400000, 0x000000008e400000, 0x000000008e500000|  0%| F|  |TAMS 0x000000008e400000, 0x000000008e400000| Untracked 
| 229|0x000000008e500000, 0x000000008e500000, 0x000000008e600000|  0%| F|  |TAMS 0x000000008e500000, 0x000000008e500000| Untracked 
| 230|0x000000008e600000, 0x000000008e600000, 0x000000008e700000|  0%| F|  |TAMS 0x000000008e600000, 0x000000008e600000| Untracked 
| 231|0x000000008e700000, 0x000000008e700000, 0x000000008e800000|  0%| F|  |TAMS 0x000000008e700000, 0x000000008e700000| Untracked 
| 232|0x000000008e800000, 0x000000008e800000, 0x000000008e900000|  0%| F|  |TAMS 0x000000008e800000, 0x000000008e800000| Untracked 
| 233|0x000000008e900000, 0x000000008e900000, 0x000000008ea00000|  0%| F|  |TAMS 0x000000008e900000, 0x000000008e900000| Untracked 
| 234|0x000000008ea00000, 0x000000008ea00000, 0x000000008eb00000|  0%| F|  |TAMS 0x000000008ea00000, 0x000000008ea00000| Untracked 
| 235|0x000000008eb00000, 0x000000008eb00000, 0x000000008ec00000|  0%| F|  |TAMS 0x000000008eb00000, 0x000000008eb00000| Untracked 
| 236|0x000000008ec00000, 0x000000008ec00000, 0x000000008ed00000|  0%| F|  |TAMS 0x000000008ec00000, 0x000000008ec00000| Untracked 
| 237|0x000000008ed00000, 0x000000008ed00000, 0x000000008ee00000|  0%| F|  |TAMS 0x000000008ed00000, 0x000000008ed00000| Untracked 
| 238|0x000000008ee00000, 0x000000008ee00000, 0x000000008ef00000|  0%| F|  |TAMS 0x000000008ee00000, 0x000000008ee00000| Untracked 
| 239|0x000000008ef00000, 0x000000008ef00000, 0x000000008f000000|  0%| F|  |TAMS 0x000000008ef00000, 0x000000008ef00000| Untracked 
| 240|0x000000008f000000, 0x000000008f000000, 0x000000008f100000|  0%| F|  |TAMS 0x000000008f000000, 0x000000008f000000| Untracked 
| 241|0x000000008f100000, 0x000000008f200000, 0x000000008f200000|100%| O|  |TAMS 0x000000008f200000, 0x000000008f100000| Untracked 
| 242|0x000000008f200000, 0x000000008f200000, 0x000000008f300000|  0%| F|  |TAMS 0x000000008f200000, 0x000000008f200000| Untracked 
| 243|0x000000008f300000, 0x000000008f300000, 0x000000008f400000|  0%| F|  |TAMS 0x000000008f300000, 0x000000008f300000| Untracked 
| 244|0x000000008f400000, 0x000000008f400000, 0x000000008f500000|  0%| F|  |TAMS 0x000000008f400000, 0x000000008f400000| Untracked 
| 245|0x000000008f500000, 0x000000008f500000, 0x000000008f600000|  0%| F|  |TAMS 0x000000008f500000, 0x000000008f500000| Untracked 
| 246|0x000000008f600000, 0x000000008f600000, 0x000000008f700000|  0%| F|  |TAMS 0x000000008f600000, 0x000000008f600000| Untracked 
| 247|0x000000008f700000, 0x000000008f700000, 0x000000008f800000|  0%| F|  |TAMS 0x000000008f700000, 0x000000008f700000| Untracked 
| 248|0x000000008f800000, 0x000000008f800000, 0x000000008f900000|  0%| F|  |TAMS 0x000000008f800000, 0x000000008f800000| Untracked 
| 249|0x000000008f900000, 0x000000008f900000, 0x000000008fa00000|  0%| F|  |TAMS 0x000000008f900000, 0x000000008f900000| Untracked 
| 250|0x000000008fa00000, 0x000000008fa00000, 0x000000008fb00000|  0%| F|  |TAMS 0x000000008fa00000, 0x000000008fa00000| Untracked 
| 251|0x000000008fb00000, 0x000000008fb00000, 0x000000008fc00000|  0%| F|  |TAMS 0x000000008fb00000, 0x000000008fb00000| Untracked 
| 252|0x000000008fc00000, 0x000000008fc00000, 0x000000008fd00000|  0%| F|  |TAMS 0x000000008fc00000, 0x000000008fc00000| Untracked 
| 253|0x000000008fd00000, 0x000000008fd00000, 0x000000008fe00000|  0%| F|  |TAMS 0x000000008fd00000, 0x000000008fd00000| Untracked 
| 254|0x000000008fe00000, 0x000000008fe00000, 0x000000008ff00000|  0%| F|  |TAMS 0x000000008fe00000, 0x000000008fe00000| Untracked 
| 255|0x000000008ff00000, 0x000000008ff00000, 0x0000000090000000|  0%| F|  |TAMS 0x000000008ff00000, 0x000000008ff00000| Untracked 
| 256|0x0000000090000000, 0x0000000090000000, 0x0000000090100000|  0%| F|  |TAMS 0x0000000090000000, 0x0000000090000000| Untracked 
| 257|0x0000000090100000, 0x0000000090200000, 0x0000000090200000|100%| O|  |TAMS 0x0000000090200000, 0x0000000090100000| Untracked 
| 258|0x0000000090200000, 0x0000000090200000, 0x0000000090300000|  0%| F|  |TAMS 0x0000000090200000, 0x0000000090200000| Untracked 
| 259|0x0000000090300000, 0x0000000090300000, 0x0000000090400000|  0%| F|  |TAMS 0x0000000090300000, 0x0000000090300000| Untracked 
| 260|0x0000000090400000, 0x0000000090400000, 0x0000000090500000|  0%| F|  |TAMS 0x0000000090400000, 0x0000000090400000| Untracked 
| 261|0x0000000090500000, 0x0000000090500000, 0x0000000090600000|  0%| F|  |TAMS 0x0000000090500000, 0x0000000090500000| Untracked 
| 262|0x0000000090600000, 0x0000000090600000, 0x0000000090700000|  0%| F|  |TAMS 0x0000000090600000, 0x0000000090600000| Untracked 
| 263|0x0000000090700000, 0x0000000090700000, 0x0000000090800000|  0%| F|  |TAMS 0x0000000090700000, 0x0000000090700000| Untracked 
| 264|0x0000000090800000, 0x0000000090800000, 0x0000000090900000|  0%| F|  |TAMS 0x0000000090800000, 0x0000000090800000| Untracked 
| 265|0x0000000090900000, 0x0000000090900000, 0x0000000090a00000|  0%| F|  |TAMS 0x0000000090900000, 0x0000000090900000| Untracked 
| 266|0x0000000090a00000, 0x0000000090a00000, 0x0000000090b00000|  0%| F|  |TAMS 0x0000000090a00000, 0x0000000090a00000| Untracked 
| 267|0x0000000090b00000, 0x0000000090b00000, 0x0000000090c00000|  0%| F|  |TAMS 0x0000000090b00000, 0x0000000090b00000| Untracked 
| 268|0x0000000090c00000, 0x0000000090d00000, 0x0000000090d00000|100%| S|CS|TAMS 0x0000000090c00000, 0x0000000090c00000| Complete 
| 269|0x0000000090d00000, 0x0000000090e00000, 0x0000000090e00000|100%| S|CS|TAMS 0x0000000090d00000, 0x0000000090d00000| Complete 
| 270|0x0000000090e00000, 0x0000000090f00000, 0x0000000090f00000|100%| S|CS|TAMS 0x0000000090e00000, 0x0000000090e00000| Complete 
| 271|0x0000000090f00000, 0x0000000091000000, 0x0000000091000000|100%| S|CS|TAMS 0x0000000090f00000, 0x0000000090f00000| Complete 
| 272|0x0000000091000000, 0x0000000091100000, 0x0000000091100000|100%| S|CS|TAMS 0x0000000091000000, 0x0000000091000000| Complete 
| 273|0x0000000091100000, 0x0000000091200000, 0x0000000091200000|100%| S|CS|TAMS 0x0000000091100000, 0x0000000091100000| Complete 
| 274|0x0000000091200000, 0x0000000091300000, 0x0000000091300000|100%| S|CS|TAMS 0x0000000091200000, 0x0000000091200000| Complete 
| 275|0x0000000091300000, 0x0000000091400000, 0x0000000091400000|100%| S|CS|TAMS 0x0000000091300000, 0x0000000091300000| Complete 
| 276|0x0000000091400000, 0x0000000091400000, 0x0000000091500000|  0%| F|  |TAMS 0x0000000091400000, 0x0000000091400000| Untracked 
| 277|0x0000000091500000, 0x0000000091500000, 0x0000000091600000|  0%| F|  |TAMS 0x0000000091500000, 0x0000000091500000| Untracked 
| 278|0x0000000091600000, 0x0000000091600000, 0x0000000091700000|  0%| F|  |TAMS 0x0000000091600000, 0x0000000091600000| Untracked 
| 279|0x0000000091700000, 0x0000000091700000, 0x0000000091800000|  0%| F|  |TAMS 0x0000000091700000, 0x0000000091700000| Untracked 
| 280|0x0000000091800000, 0x0000000091900000, 0x0000000091900000|100%| S|CS|TAMS 0x0000000091800000, 0x0000000091800000| Complete 
| 281|0x0000000091900000, 0x0000000091a00000, 0x0000000091a00000|100%| S|CS|TAMS 0x0000000091900000, 0x0000000091900000| Complete 
| 282|0x0000000091a00000, 0x0000000091a00000, 0x0000000091b00000|  0%| F|  |TAMS 0x0000000091a00000, 0x0000000091a00000| Untracked 
| 283|0x0000000091b00000, 0x0000000091b00000, 0x0000000091c00000|  0%| F|  |TAMS 0x0000000091b00000, 0x0000000091b00000| Untracked 
| 284|0x0000000091c00000, 0x0000000091c00000, 0x0000000091d00000|  0%| F|  |TAMS 0x0000000091c00000, 0x0000000091c00000| Untracked 
| 285|0x0000000091d00000, 0x0000000091d00000, 0x0000000091e00000|  0%| F|  |TAMS 0x0000000091d00000, 0x0000000091d00000| Untracked 
| 286|0x0000000091e00000, 0x0000000091e00000, 0x0000000091f00000|  0%| F|  |TAMS 0x0000000091e00000, 0x0000000091e00000| Untracked 
| 287|0x0000000091f00000, 0x0000000091f00000, 0x0000000092000000|  0%| F|  |TAMS 0x0000000091f00000, 0x0000000091f00000| Untracked 
| 288|0x0000000092000000, 0x0000000092000000, 0x0000000092100000|  0%| F|  |TAMS 0x0000000092000000, 0x0000000092000000| Untracked 
| 289|0x0000000092100000, 0x0000000092100000, 0x0000000092200000|  0%| F|  |TAMS 0x0000000092100000, 0x0000000092100000| Untracked 
| 290|0x0000000092200000, 0x0000000092200000, 0x0000000092300000|  0%| F|  |TAMS 0x0000000092200000, 0x0000000092200000| Untracked 
| 291|0x0000000092300000, 0x0000000092300000, 0x0000000092400000|  0%| F|  |TAMS 0x0000000092300000, 0x0000000092300000| Untracked 
| 292|0x0000000092400000, 0x0000000092400000, 0x0000000092500000|  0%| F|  |TAMS 0x0000000092400000, 0x0000000092400000| Untracked 
| 293|0x0000000092500000, 0x0000000092587dd0, 0x0000000092600000| 53%| E|  |TAMS 0x0000000092500000, 0x0000000092500000| Complete 
| 294|0x0000000092600000, 0x0000000092700000, 0x0000000092700000|100%| E|CS|TAMS 0x0000000092600000, 0x0000000092600000| Complete 
| 295|0x0000000092700000, 0x0000000092800000, 0x0000000092800000|100%| E|CS|TAMS 0x0000000092700000, 0x0000000092700000| Complete 
| 296|0x0000000092800000, 0x0000000092900000, 0x0000000092900000|100%| E|CS|TAMS 0x0000000092800000, 0x0000000092800000| Complete 
| 297|0x0000000092900000, 0x0000000092a00000, 0x0000000092a00000|100%| E|CS|TAMS 0x0000000092900000, 0x0000000092900000| Complete 
| 298|0x0000000092a00000, 0x0000000092b00000, 0x0000000092b00000|100%| E|CS|TAMS 0x0000000092a00000, 0x0000000092a00000| Complete 
| 299|0x0000000092b00000, 0x0000000092c00000, 0x0000000092c00000|100%| E|CS|TAMS 0x0000000092b00000, 0x0000000092b00000| Complete 
| 300|0x0000000092c00000, 0x0000000092d00000, 0x0000000092d00000|100%| E|CS|TAMS 0x0000000092c00000, 0x0000000092c00000| Complete 
| 301|0x0000000092d00000, 0x0000000092e00000, 0x0000000092e00000|100%| E|CS|TAMS 0x0000000092d00000, 0x0000000092d00000| Complete 
| 302|0x0000000092e00000, 0x0000000092f00000, 0x0000000092f00000|100%| E|CS|TAMS 0x0000000092e00000, 0x0000000092e00000| Complete 
| 303|0x0000000092f00000, 0x0000000093000000, 0x0000000093000000|100%| E|CS|TAMS 0x0000000092f00000, 0x0000000092f00000| Complete 
| 304|0x0000000093000000, 0x0000000093100000, 0x0000000093100000|100%| E|CS|TAMS 0x0000000093000000, 0x0000000093000000| Complete 
| 305|0x0000000093100000, 0x0000000093200000, 0x0000000093200000|100%| E|CS|TAMS 0x0000000093100000, 0x0000000093100000| Complete 
| 306|0x0000000093200000, 0x0000000093300000, 0x0000000093300000|100%| E|CS|TAMS 0x0000000093200000, 0x0000000093200000| Complete 
| 307|0x0000000093300000, 0x0000000093400000, 0x0000000093400000|100%| E|CS|TAMS 0x0000000093300000, 0x0000000093300000| Complete 
| 308|0x0000000093400000, 0x0000000093500000, 0x0000000093500000|100%| E|CS|TAMS 0x0000000093400000, 0x0000000093400000| Complete 
| 309|0x0000000093500000, 0x0000000093600000, 0x0000000093600000|100%| E|CS|TAMS 0x0000000093500000, 0x0000000093500000| Complete 
| 310|0x0000000093600000, 0x0000000093700000, 0x0000000093700000|100%| E|CS|TAMS 0x0000000093600000, 0x0000000093600000| Complete 
| 311|0x0000000093700000, 0x0000000093800000, 0x0000000093800000|100%| E|CS|TAMS 0x0000000093700000, 0x0000000093700000| Complete 
| 312|0x0000000093800000, 0x0000000093900000, 0x0000000093900000|100%| E|CS|TAMS 0x0000000093800000, 0x0000000093800000| Complete 
| 313|0x0000000093900000, 0x0000000093a00000, 0x0000000093a00000|100%| E|CS|TAMS 0x0000000093900000, 0x0000000093900000| Complete 
| 314|0x0000000093a00000, 0x0000000093b00000, 0x0000000093b00000|100%| E|CS|TAMS 0x0000000093a00000, 0x0000000093a00000| Complete 
| 315|0x0000000093b00000, 0x0000000093c00000, 0x0000000093c00000|100%| E|CS|TAMS 0x0000000093b00000, 0x0000000093b00000| Complete 
| 316|0x0000000093c00000, 0x0000000093d00000, 0x0000000093d00000|100%| E|CS|TAMS 0x0000000093c00000, 0x0000000093c00000| Complete 
| 317|0x0000000093d00000, 0x0000000093e00000, 0x0000000093e00000|100%| E|CS|TAMS 0x0000000093d00000, 0x0000000093d00000| Complete 
| 318|0x0000000093e00000, 0x0000000093f00000, 0x0000000093f00000|100%| E|CS|TAMS 0x0000000093e00000, 0x0000000093e00000| Complete 
| 319|0x0000000093f00000, 0x0000000094000000, 0x0000000094000000|100%| E|CS|TAMS 0x0000000093f00000, 0x0000000093f00000| Complete 
| 320|0x0000000094000000, 0x0000000094100000, 0x0000000094100000|100%| E|CS|TAMS 0x0000000094000000, 0x0000000094000000| Complete 
| 321|0x0000000094100000, 0x0000000094200000, 0x0000000094200000|100%| E|CS|TAMS 0x0000000094100000, 0x0000000094100000| Complete 
| 322|0x0000000094200000, 0x0000000094300000, 0x0000000094300000|100%| E|CS|TAMS 0x0000000094200000, 0x0000000094200000| Complete 
| 323|0x0000000094300000, 0x0000000094400000, 0x0000000094400000|100%| E|CS|TAMS 0x0000000094300000, 0x0000000094300000| Complete 
| 324|0x0000000094400000, 0x0000000094500000, 0x0000000094500000|100%| E|CS|TAMS 0x0000000094400000, 0x0000000094400000| Complete 
| 325|0x0000000094500000, 0x0000000094600000, 0x0000000094600000|100%| E|CS|TAMS 0x0000000094500000, 0x0000000094500000| Complete 
| 326|0x0000000094600000, 0x0000000094700000, 0x0000000094700000|100%| E|CS|TAMS 0x0000000094600000, 0x0000000094600000| Complete 
| 327|0x0000000094700000, 0x0000000094800000, 0x0000000094800000|100%| E|CS|TAMS 0x0000000094700000, 0x0000000094700000| Complete 
| 328|0x0000000094800000, 0x0000000094900000, 0x0000000094900000|100%| E|CS|TAMS 0x0000000094800000, 0x0000000094800000| Complete 
| 329|0x0000000094900000, 0x0000000094a00000, 0x0000000094a00000|100%| E|CS|TAMS 0x0000000094900000, 0x0000000094900000| Complete 
| 330|0x0000000094a00000, 0x0000000094b00000, 0x0000000094b00000|100%| E|CS|TAMS 0x0000000094a00000, 0x0000000094a00000| Complete 
| 331|0x0000000094b00000, 0x0000000094c00000, 0x0000000094c00000|100%| E|CS|TAMS 0x0000000094b00000, 0x0000000094b00000| Complete 
| 332|0x0000000094c00000, 0x0000000094d00000, 0x0000000094d00000|100%| E|CS|TAMS 0x0000000094c00000, 0x0000000094c00000| Complete 
| 333|0x0000000094d00000, 0x0000000094e00000, 0x0000000094e00000|100%| E|CS|TAMS 0x0000000094d00000, 0x0000000094d00000| Complete 
| 334|0x0000000094e00000, 0x0000000094f00000, 0x0000000094f00000|100%| E|CS|TAMS 0x0000000094e00000, 0x0000000094e00000| Complete 
| 335|0x0000000094f00000, 0x0000000095000000, 0x0000000095000000|100%| E|CS|TAMS 0x0000000094f00000, 0x0000000094f00000| Complete 
| 336|0x0000000095000000, 0x0000000095100000, 0x0000000095100000|100%| E|CS|TAMS 0x0000000095000000, 0x0000000095000000| Complete 
| 337|0x0000000095100000, 0x0000000095200000, 0x0000000095200000|100%| E|CS|TAMS 0x0000000095100000, 0x0000000095100000| Complete 
| 338|0x0000000095200000, 0x0000000095300000, 0x0000000095300000|100%| E|CS|TAMS 0x0000000095200000, 0x0000000095200000| Complete 
| 339|0x0000000095300000, 0x0000000095400000, 0x0000000095400000|100%| E|  |TAMS 0x0000000095300000, 0x0000000095300000| Complete 
| 340|0x0000000095400000, 0x0000000095500000, 0x0000000095500000|100%| E|CS|TAMS 0x0000000095400000, 0x0000000095400000| Complete 
| 341|0x0000000095500000, 0x0000000095600000, 0x0000000095600000|100%| E|CS|TAMS 0x0000000095500000, 0x0000000095500000| Complete 
| 342|0x0000000095600000, 0x0000000095700000, 0x0000000095700000|100%| E|CS|TAMS 0x0000000095600000, 0x0000000095600000| Complete 
| 343|0x0000000095700000, 0x0000000095800000, 0x0000000095800000|100%| E|CS|TAMS 0x0000000095700000, 0x0000000095700000| Complete 
| 344|0x0000000095800000, 0x0000000095900000, 0x0000000095900000|100%| E|CS|TAMS 0x0000000095800000, 0x0000000095800000| Complete 
| 345|0x0000000095900000, 0x0000000095a00000, 0x0000000095a00000|100%| E|CS|TAMS 0x0000000095900000, 0x0000000095900000| Complete 
| 346|0x0000000095a00000, 0x0000000095b00000, 0x0000000095b00000|100%| E|CS|TAMS 0x0000000095a00000, 0x0000000095a00000| Complete 
| 347|0x0000000095b00000, 0x0000000095c00000, 0x0000000095c00000|100%| E|CS|TAMS 0x0000000095b00000, 0x0000000095b00000| Complete 
| 348|0x0000000095c00000, 0x0000000095d00000, 0x0000000095d00000|100%| E|CS|TAMS 0x0000000095c00000, 0x0000000095c00000| Complete 
| 349|0x0000000095d00000, 0x0000000095e00000, 0x0000000095e00000|100%| E|CS|TAMS 0x0000000095d00000, 0x0000000095d00000| Complete 
| 350|0x0000000095e00000, 0x0000000095f00000, 0x0000000095f00000|100%| E|CS|TAMS 0x0000000095e00000, 0x0000000095e00000| Complete 
| 351|0x0000000095f00000, 0x0000000096000000, 0x0000000096000000|100%| E|CS|TAMS 0x0000000095f00000, 0x0000000095f00000| Complete 
| 352|0x0000000096000000, 0x0000000096100000, 0x0000000096100000|100%| E|CS|TAMS 0x0000000096000000, 0x0000000096000000| Complete 
| 353|0x0000000096100000, 0x0000000096200000, 0x0000000096200000|100%| E|CS|TAMS 0x0000000096100000, 0x0000000096100000| Complete 

Card table byte_map: [0x0000015973f40000,0x0000015974340000] _byte_map_base: 0x0000015973b40000

Marking Bits (Prev, Next): (CMBitMap*) 0x0000015961052a00, (CMBitMap*) 0x00000159610529c8
 Prev Bits: [0x0000015976740000, 0x0000015978740000)
 Next Bits: [0x0000015974740000, 0x0000015976740000)

Polling page: 0x000001595efb0000

Metaspace:

Usage:
  Non-class:    128.48 MB capacity,   125.80 MB ( 98%) used,     2.18 MB (  2%) free+waste,   505.81 KB ( <1%) overhead. 
      Class:     19.42 MB capacity,    17.85 MB ( 92%) used,     1.34 MB (  7%) free+waste,   229.69 KB (  1%) overhead. 
       Both:    147.90 MB capacity,   143.66 MB ( 97%) used,     3.53 MB (  2%) free+waste,   735.50 KB ( <1%) overhead. 

Virtual space:
  Non-class space:      130.00 MB reserved,     128.67 MB ( 99%) committed 
      Class space:        1.00 GB reserved,      19.45 MB (  2%) committed 
             Both:        1.13 GB reserved,     148.12 MB ( 13%) committed 

Chunk freelists:
   Non-Class:  5.00 KB
       Class:  16.00 KB
        Both:  21.00 KB

MaxMetaspaceSize: 17179869184.00 GB
CompressedClassSpaceSize: 1.00 GB
Initial GC threshold: 20.80 MB
Current GC threshold: 234.16 MB
CDS: off

CodeHeap 'non-profiled nmethods': size=120064Kb used=15819Kb max_used=15929Kb free=104244Kb
 bounds [0x000001596c600000, 0x000001596d590000, 0x0000015973b40000]
CodeHeap 'profiled nmethods': size=120000Kb used=47732Kb max_used=48201Kb free=72267Kb
 bounds [0x00000159650d0000, 0x0000015968070000, 0x000001596c600000]
CodeHeap 'non-nmethods': size=5696Kb used=2519Kb max_used=2561Kb free=3176Kb
 bounds [0x0000015964b40000, 0x0000015964dd0000, 0x00000159650d0000]
 total_blobs=22110 nmethods=21044 adapters=977
 compilation: enabled
              stopped_count=0, restarted_count=0
 full_count=0

Compilation events (20 events):
Event: 1196.714 Thread 0x000001597ac66800 24440       3       java.util.IdentityHashMap::resize (153 bytes)
Event: 1196.715 Thread 0x000001597ac66800 nmethod 24440 0x0000015965986210 code [0x0000015965986460, 0x00000159659871b8]
Event: 1196.724 Thread 0x000001597ac66800 24441       3       com.android.tools.r8.internal.O4::hasNext (10 bytes)
Event: 1196.724 Thread 0x000001597ac66800 nmethod 24441 0x00000159669f6290 code [0x00000159669f6440, 0x00000159669f6608]
Event: 1196.737 Thread 0x000001597ac66800 24442       1       com.android.tools.r8.internal.cs::b (5 bytes)
Event: 1196.737 Thread 0x000001597ac66800 nmethod 24442 0x000001596ce40390 code [0x000001596ce40540, 0x000001596ce405f8]
Event: 1196.746 Thread 0x000001597ac66800 24443       3       com.android.tools.r8.internal.Zq::p (2 bytes)
Event: 1196.746 Thread 0x000001597ac66800 nmethod 24443 0x00000159673b5790 code [0x00000159673b5940, 0x00000159673b5a38]
Event: 1196.752 Thread 0x000001597ac66800 24444       3       com.android.tools.r8.internal.cY::p (2 bytes)
Event: 1196.752 Thread 0x000001597ac66800 nmethod 24444 0x000001596754fb10 code [0x000001596754fcc0, 0x000001596754fdb8]
Event: 1196.757 Thread 0x000001597b83c800 nmethod 24434 0x000001596d036f10 code [0x000001596d0370e0, 0x000001596d0382b8]
Event: 1196.758 Thread 0x000001597b83c800 24431       4       com.android.tools.r8.internal.lC::a (84 bytes)
Event: 1196.758 Thread 0x000001597b83c800 nmethod 24431 0x000001596cdcef90 code [0x000001596cdcf120, 0x000001596cdcf1b8]
Event: 1196.758 Thread 0x000001597b83c800 24429       4       com.android.tools.r8.graph.T0::h (62 bytes)
Event: 1196.764 Thread 0x000001597ac66800 24448       3       com.android.tools.r8.graph.M::<init> (83 bytes)
Event: 1196.765 Thread 0x000001597ac66800 nmethod 24448 0x00000159669f5c10 code [0x00000159669f5de0, 0x00000159669f6018]
Event: 1196.771 Thread 0x000001597b83c800 nmethod 24429 0x000001596cdce110 code [0x000001596cdce2e0, 0x000001596cdcea38]
Event: 1196.771 Thread 0x000001597b83c800 24446       4       com.android.tools.r8.internal.ug::a (57 bytes)
Event: 1196.772 Thread 0x000001597b83c800 nmethod 24446 0x000001596cdcde10 code [0x000001596cdcdfa0, 0x000001596cdce058]
Event: 1196.772 Thread 0x000001597b83c800 24445       4       com.android.tools.r8.graph.C2::a (293 bytes)

GC Heap History (20 events):
Event: 1167.985 GC heap before
{Heap before GC invocations=129 (full 0):
 garbage-first heap   total 362496K, used 293607K [0x0000000080000000, 0x0000000100000000)
  region size 1024K, 82 young (83968K), 2 survivors (2048K)
 Metaspace       used 131965K, capacity 135786K, committed 136060K, reserved 1167360K
  class space    used 16335K, capacity 17746K, committed 17868K, reserved 1048576K
}
Event: 1167.990 GC heap after
{Heap after GC invocations=130 (full 0):
 garbage-first heap   total 362496K, used 207981K [0x0000000080000000, 0x0000000100000000)
  region size 1024K, 2 young (2048K), 2 survivors (2048K)
 Metaspace       used 131965K, capacity 135786K, committed 136060K, reserved 1167360K
  class space    used 16335K, capacity 17746K, committed 17868K, reserved 1048576K
}
Event: 1174.515 GC heap before
{Heap before GC invocations=131 (full 0):
 garbage-first heap   total 362496K, used 295021K [0x0000000080000000, 0x0000000100000000)
  region size 1024K, 88 young (90112K), 2 survivors (2048K)
 Metaspace       used 132871K, capacity 136727K, committed 136828K, reserved 1169408K
  class space    used 16431K, capacity 17836K, committed 17868K, reserved 1048576K
}
Event: 1174.533 GC heap after
{Heap after GC invocations=132 (full 0):
 garbage-first heap   total 362496K, used 212192K [0x0000000080000000, 0x0000000100000000)
  region size 1024K, 6 young (6144K), 6 survivors (6144K)
 Metaspace       used 132871K, capacity 136727K, committed 136828K, reserved 1169408K
  class space    used 16431K, capacity 17836K, committed 17868K, reserved 1048576K
}
Event: 1178.561 GC heap before
{Heap before GC invocations=132 (full 0):
 garbage-first heap   total 362496K, used 298208K [0x0000000080000000, 0x0000000100000000)
  region size 1024K, 91 young (93184K), 6 survivors (6144K)
 Metaspace       used 136580K, capacity 140481K, committed 140668K, reserved 1171456K
  class space    used 16906K, capacity 18337K, committed 18380K, reserved 1048576K
}
Event: 1178.585 GC heap after
{Heap after GC invocations=133 (full 0):
 garbage-first heap   total 362496K, used 213755K [0x0000000080000000, 0x0000000100000000)
  region size 1024K, 7 young (7168K), 7 survivors (7168K)
 Metaspace       used 136580K, capacity 140481K, committed 140668K, reserved 1171456K
  class space    used 16906K, capacity 18337K, committed 18380K, reserved 1048576K
}
Event: 1184.151 GC heap before
{Heap before GC invocations=133 (full 0):
 garbage-first heap   total 362496K, used 302843K [0x0000000080000000, 0x0000000100000000)
  region size 1024K, 95 young (97280K), 7 survivors (7168K)
 Metaspace       used 137996K, capacity 141998K, committed 142204K, reserved 1173504K
  class space    used 17061K, capacity 18538K, committed 18636K, reserved 1048576K
}
Event: 1184.289 GC heap after
{Heap after GC invocations=134 (full 0):
 garbage-first heap   total 362496K, used 217555K [0x0000000080000000, 0x0000000100000000)
  region size 1024K, 10 young (10240K), 10 survivors (10240K)
 Metaspace       used 137996K, capacity 141998K, committed 142204K, reserved 1173504K
  class space    used 17061K, capacity 18538K, committed 18636K, reserved 1048576K
}
Event: 1187.019 GC heap before
{Heap before GC invocations=134 (full 0):
 garbage-first heap   total 362496K, used 304595K [0x0000000080000000, 0x0000000100000000)
  region size 1024K, 96 young (98304K), 10 survivors (10240K)
 Metaspace       used 139174K, capacity 143155K, committed 143356K, reserved 1173504K
  class space    used 17195K, capacity 18672K, committed 18764K, reserved 1048576K
}
Event: 1187.071 GC heap after
{Heap after GC invocations=135 (full 0):
 garbage-first heap   total 362496K, used 225218K [0x0000000080000000, 0x0000000100000000)
  region size 1024K, 12 young (12288K), 12 survivors (12288K)
 Metaspace       used 139174K, capacity 143155K, committed 143356K, reserved 1173504K
  class space    used 17195K, capacity 18672K, committed 18764K, reserved 1048576K
}
Event: 1187.877 GC heap before
{Heap before GC invocations=136 (full 0):
 garbage-first heap   total 362496K, used 284610K [0x0000000080000000, 0x0000000100000000)
  region size 1024K, 72 young (73728K), 12 survivors (12288K)
 Metaspace       used 139548K, capacity 143512K, committed 143612K, reserved 1173504K
  class space    used 17247K, capacity 18726K, committed 18764K, reserved 1048576K
}
Event: 1187.903 GC heap after
{Heap after GC invocations=137 (full 0):
 garbage-first heap   total 362496K, used 229046K [0x0000000080000000, 0x0000000100000000)
  region size 1024K, 4 young (4096K), 4 survivors (4096K)
 Metaspace       used 139548K, capacity 143512K, committed 143612K, reserved 1173504K
  class space    used 17247K, capacity 18726K, committed 18764K, reserved 1048576K
}
Event: 1192.359 GC heap before
{Heap before GC invocations=138 (full 0):
 garbage-first heap   total 362496K, used 300726K [0x0000000080000000, 0x0000000100000000)
  region size 1024K, 73 young (74752K), 4 survivors (4096K)
 Metaspace       used 139880K, capacity 143897K, committed 144252K, reserved 1175552K
  class space    used 17279K, capacity 18783K, committed 18892K, reserved 1048576K
}
Event: 1192.369 GC heap after
{Heap after GC invocations=139 (full 0):
 garbage-first heap   total 362496K, used 229028K [0x0000000080000000, 0x0000000100000000)
  region size 1024K, 4 young (4096K), 4 survivors (4096K)
 Metaspace       used 139880K, capacity 143897K, committed 144252K, reserved 1175552K
  class space    used 17279K, capacity 18783K, committed 18892K, reserved 1048576K
}
Event: 1192.902 GC heap before
{Heap before GC invocations=139 (full 0):
 garbage-first heap   total 362496K, used 241316K [0x0000000080000000, 0x0000000100000000)
  region size 1024K, 18 young (18432K), 4 survivors (4096K)
 Metaspace       used 140223K, capacity 144283K, committed 144508K, reserved 1175552K
  class space    used 17313K, capacity 18798K, committed 18892K, reserved 1048576K
}
Event: 1192.914 GC heap after
{Heap after GC invocations=140 (full 0):
 garbage-first heap   total 362496K, used 229149K [0x0000000080000000, 0x0000000100000000)
  region size 1024K, 3 young (3072K), 3 survivors (3072K)
 Metaspace       used 140223K, capacity 144283K, committed 144508K, reserved 1175552K
  class space    used 17313K, capacity 18798K, committed 18892K, reserved 1048576K
}
Event: 1194.853 GC heap before
{Heap before GC invocations=140 (full 0):
 garbage-first heap   total 362496K, used 300829K [0x0000000080000000, 0x0000000100000000)
  region size 1024K, 74 young (75776K), 3 survivors (3072K)
 Metaspace       used 140327K, capacity 144403K, committed 144508K, reserved 1175552K
  class space    used 17324K, capacity 18807K, committed 18892K, reserved 1048576K
}
Event: 1194.860 GC heap after
{Heap after GC invocations=141 (full 0):
 garbage-first heap   total 362496K, used 230275K [0x0000000080000000, 0x0000000100000000)
  region size 1024K, 4 young (4096K), 4 survivors (4096K)
 Metaspace       used 140327K, capacity 144403K, committed 144508K, reserved 1175552K
  class space    used 17324K, capacity 18807K, committed 18892K, reserved 1048576K
}
Event: 1196.036 GC heap before
{Heap before GC invocations=141 (full 0):
 garbage-first heap   total 362496K, used 302979K [0x0000000080000000, 0x0000000100000000)
  region size 1024K, 76 young (77824K), 4 survivors (4096K)
 Metaspace       used 144246K, capacity 148478K, committed 148604K, reserved 1179648K
  class space    used 17836K, capacity 19388K, committed 19404K, reserved 1048576K
}
Event: 1196.062 GC heap after
{Heap after GC invocations=142 (full 0):
 garbage-first heap   total 362496K, used 242792K [0x0000000080000000, 0x0000000100000000)
  region size 1024K, 10 young (10240K), 10 survivors (10240K)
 Metaspace       used 144246K, capacity 148478K, committed 148604K, reserved 1179648K
  class space    used 17836K, capacity 19388K, committed 19404K, reserved 1048576K
}

Deoptimization events (20 events):
Event: 1196.023 Thread 0x000001597e294000 Uncommon trap: trap_request=0xffffff4d fr.pc=0x000001596d03276c relative=0x00000000000018ec
Event: 1196.023 Thread 0x000001597e294000 Uncommon trap: reason=unstable_if action=reinterpret pc=0x000001596d03276c method=com.android.tools.r8.internal.ug.e(Ljava/lang/String;)[Ljava/lang/String; @ 27 c2
Event: 1196.023 Thread 0x000001597e294000 DEOPT PACKING pc=0x000001596d03276c sp=0x0000004df63f9890
Event: 1196.023 Thread 0x000001597e294000 DEOPT UNPACKING pc=0x0000015964b8a1af sp=0x0000004df63f9880 mode 2
Event: 1196.080 Thread 0x000001597e294000 Uncommon trap: trap_request=0xffffff4d fr.pc=0x000001596cf00430 relative=0x0000000000000090
Event: 1196.080 Thread 0x000001597e294000 Uncommon trap: reason=unstable_if action=reinterpret pc=0x000001596cf00430 method=com.android.tools.r8.internal.rp.d(I)Z @ 45 c2
Event: 1196.080 Thread 0x000001597e294000 DEOPT PACKING pc=0x000001596cf00430 sp=0x0000004df63f93b0
Event: 1196.080 Thread 0x000001597e294000 DEOPT UNPACKING pc=0x0000015964b8a1af sp=0x0000004df63f92e0 mode 2
Event: 1196.555 Thread 0x000001597e294000 Uncommon trap: trap_request=0xffffff4d fr.pc=0x000001596c93f17c relative=0x0000000000000fdc
Event: 1196.555 Thread 0x000001597e294000 Uncommon trap: reason=unstable_if action=reinterpret pc=0x000001596c93f17c method=java.util.HashMap.computeIfAbsent(Ljava/lang/Object;Ljava/util/function/Function;)Ljava/lang/Object; @ 145 c2
Event: 1196.555 Thread 0x000001597e294000 DEOPT PACKING pc=0x000001596c93f17c sp=0x0000004df63f92e0
Event: 1196.555 Thread 0x000001597e294000 DEOPT UNPACKING pc=0x0000015964b8a1af sp=0x0000004df63f9298 mode 2
Event: 1196.675 Thread 0x000001597e294000 Uncommon trap: trap_request=0xffffff4d fr.pc=0x000001596cfae438 relative=0x00000000000000b8
Event: 1196.675 Thread 0x000001597e294000 Uncommon trap: reason=unstable_if action=reinterpret pc=0x000001596cfae438 method=com.android.tools.r8.graph.C2.d(II)V @ 45 c2
Event: 1196.675 Thread 0x000001597e294000 DEOPT PACKING pc=0x000001596cfae438 sp=0x0000004df63f9500
Event: 1196.675 Thread 0x000001597e294000 DEOPT UNPACKING pc=0x0000015964b8a1af sp=0x0000004df63f94f0 mode 2
Event: 1196.736 Thread 0x0000015900a19000 Uncommon trap: trap_request=0xffffff4d fr.pc=0x000001596d01bb60 relative=0x0000000000000540
Event: 1196.736 Thread 0x0000015900a19000 Uncommon trap: reason=unstable_if action=reinterpret pc=0x000001596d01bb60 method=java.util.LinkedList$ListItr.remove()V @ 47 c2
Event: 1196.736 Thread 0x0000015900a19000 DEOPT PACKING pc=0x000001596d01bb60 sp=0x0000004df7df6a80
Event: 1196.737 Thread 0x0000015900a19000 DEOPT UNPACKING pc=0x0000015964b8a1af sp=0x0000004df7df6a40 mode 2

Classes redefined (0 events):
No events

Internal exceptions (20 events):
Event: 1194.164 Thread 0x000001597e291800 Exception <a 'sun/nio/fs/WindowsException'{0x00000000936eca80}> (0x00000000936eca80) thrown at [src/hotspot/share/prims/jni.cpp, line 617]
Event: 1194.203 Thread 0x0000015902394000 Exception <a 'sun/nio/fs/WindowsException'{0x00000000935fb0d0}> (0x00000000935fb0d0) thrown at [src/hotspot/share/prims/jni.cpp, line 617]
Event: 1194.205 Thread 0x000001590000e000 Exception <a 'sun/nio/fs/WindowsException'{0x0000000093405ee0}> (0x0000000093405ee0) thrown at [src/hotspot/share/prims/jni.cpp, line 617]
Event: 1194.217 Thread 0x0000015902399800 Exception <a 'sun/nio/fs/WindowsException'{0x000000009347f9a8}> (0x000000009347f9a8) thrown at [src/hotspot/share/prims/jni.cpp, line 617]
Event: 1194.225 Thread 0x000001590000e000 Exception <a 'sun/nio/fs/WindowsException'{0x0000000093326480}> (0x0000000093326480) thrown at [src/hotspot/share/prims/jni.cpp, line 617]
Event: 1194.250 Thread 0x0000015902394000 Exception <a 'sun/nio/fs/WindowsException'{0x0000000093390748}> (0x0000000093390748) thrown at [src/hotspot/share/prims/jni.cpp, line 617]
Event: 1194.251 Thread 0x000001597e294000 Exception <a 'sun/nio/fs/WindowsException'{0x00000000933a0c60}> (0x00000000933a0c60) thrown at [src/hotspot/share/prims/jni.cpp, line 617]
Event: 1194.255 Thread 0x000001597e28f000 Exception <a 'sun/nio/fs/WindowsException'{0x00000000933be0e0}> (0x00000000933be0e0) thrown at [src/hotspot/share/prims/jni.cpp, line 617]
Event: 1194.281 Thread 0x000001597e294000 Exception <a 'sun/nio/fs/WindowsException'{0x0000000093275298}> (0x0000000093275298) thrown at [src/hotspot/share/prims/jni.cpp, line 617]
Event: 1195.041 Thread 0x0000015900a19000 Exception <a 'sun/nio/fs/WindowsException'{0x00000000955c9948}> (0x00000000955c9948) thrown at [src/hotspot/share/prims/jni.cpp, line 617]
Event: 1195.041 Thread 0x000001597e295800 Exception <a 'sun/nio/fs/WindowsException'{0x0000000095567c08}> (0x0000000095567c08) thrown at [src/hotspot/share/prims/jni.cpp, line 617]
Event: 1195.215 Thread 0x000001597e294000 Exception <a 'sun/nio/fs/WindowsException'{0x0000000093a83c48}> (0x0000000093a83c48) thrown at [src/hotspot/share/prims/jni.cpp, line 617]
Event: 1195.281 Thread 0x000001597e295800 Exception <a 'java/lang/IncompatibleClassChangeError'{0x0000000093929d28}: Found class java.lang.Object, but interface was expected> (0x0000000093929d28) thrown at [src/hotspot/share/interpreter/linkResolver.cpp, line 839]
Event: 1195.281 Thread 0x000001597e294000 Exception <a 'java/lang/IncompatibleClassChangeError'{0x000000009390be28}: Found class java.lang.Object, but interface was expected> (0x000000009390be28) thrown at [src/hotspot/share/interpreter/linkResolver.cpp, line 839]
Event: 1195.281 Thread 0x0000015900a19000 Exception <a 'java/lang/IncompatibleClassChangeError'{0x000000009392a830}: Found class java.lang.Object, but interface was expected> (0x000000009392a830) thrown at [src/hotspot/share/interpreter/linkResolver.cpp, line 839]
Event: 1195.601 Thread 0x000001597e295800 Exception <a 'java/lang/IncompatibleClassChangeError'{0x000000009314cd68}: Found class java.lang.Object, but interface was expected> (0x000000009314cd68) thrown at [src/hotspot/share/interpreter/linkResolver.cpp, line 839]
Event: 1195.601 Thread 0x0000015900a19000 Exception <a 'java/lang/IncompatibleClassChangeError'{0x0000000093150a90}: Found class java.lang.Object, but interface was expected> (0x0000000093150a90) thrown at [src/hotspot/share/interpreter/linkResolver.cpp, line 839]
Event: 1196.267 Thread 0x000001597e295800 Exception <a 'java/lang/IncompatibleClassChangeError'{0x00000000953cd4d8}: Found class java.lang.Object, but interface was expected> (0x00000000953cd4d8) thrown at [src/hotspot/share/interpreter/linkResolver.cpp, line 839]
Event: 1196.268 Thread 0x000001597e295800 Exception <a 'java/lang/IncompatibleClassChangeError'{0x00000000953d80b8}: Found class java.lang.Object, but interface was expected> (0x00000000953d80b8) thrown at [src/hotspot/share/interpreter/linkResolver.cpp, line 839]
Event: 1196.581 Thread 0x0000015900a19000 Exception <a 'java/lang/NoSuchMethodError'{0x0000000093f04260}: 'void java.lang.invoke.DirectMethodHandle$Holder.invokeSpecial(java.lang.Object, java.lang.Object, int, java.lang.Object)'> (0x0000000093f04260) thrown at [src/hotspot/share/interpreter/linkResolver.cpp, line 773]

Events (20 events):
Event: 1196.736 loading class com/android/tools/r8/internal/cs
Event: 1196.736 loading class com/android/tools/r8/internal/cs done
Event: 1196.736 loading class com/android/tools/r8/ir/regalloc/a
Event: 1196.736 loading class com/android/tools/r8/ir/regalloc/a done
Event: 1196.737 loading class com/android/tools/r8/internal/L4
Event: 1196.737 loading class com/android/tools/r8/internal/L4 done
Event: 1196.737 loading class com/android/tools/r8/internal/cs
Event: 1196.737 loading class com/android/tools/r8/internal/cs done
Event: 1196.737 loading class com/android/tools/r8/internal/cs
Event: 1196.737 loading class com/android/tools/r8/internal/cs done
Event: 1196.737 loading class com/android/tools/r8/internal/G50
Event: 1196.737 loading class com/android/tools/r8/internal/G50 done
Event: 1196.738 loading class com/android/tools/r8/internal/G50
Event: 1196.738 loading class com/android/tools/r8/internal/G50 done
Event: 1196.738 loading class com/android/tools/r8/internal/hO
Event: 1196.738 loading class com/android/tools/r8/internal/hO done
Event: 1196.771 loading class com/android/tools/r8/internal/ds
Event: 1196.771 loading class com/android/tools/r8/internal/ds done
Event: 1196.772 loading class com/android/tools/r8/internal/P4
Event: 1196.772 loading class com/android/tools/r8/internal/P4 done


Dynamic libraries:
0x00007ff619a50000 - 0x00007ff619a5a000 	C:\Program Files\Android\Android Studio\jbr\bin\java.exe
0x00007fffab290000 - 0x00007fffab488000 	C:\WINDOWS\SYSTEM32\ntdll.dll
0x00007fffa92f0000 - 0x00007fffa93af000 	C:\WINDOWS\System32\KERNEL32.DLL
0x00007fffa8cd0000 - 0x00007fffa8faa000 	C:\WINDOWS\System32\KERNELBASE.dll
0x00007fffa89d0000 - 0x00007fffa8ad0000 	C:\WINDOWS\System32\ucrtbase.dll
0x00007fff89e30000 - 0x00007fff89e47000 	C:\Program Files\Android\Android Studio\jbr\bin\jli.dll
0x00007fff86300000 - 0x00007fff8631b000 	C:\Program Files\Android\Android Studio\jbr\bin\VCRUNTIME140.dll
0x00007fffa9460000 - 0x00007fffa95fd000 	C:\WINDOWS\System32\USER32.dll
0x00007fffa89a0000 - 0x00007fffa89c2000 	C:\WINDOWS\System32\win32u.dll
0x00007fffaad90000 - 0x00007fffaadbb000 	C:\WINDOWS\System32\GDI32.dll
0x00007fffa8fb0000 - 0x00007fffa90c0000 	C:\WINDOWS\System32\gdi32full.dll
0x00007fffa8ad0000 - 0x00007fffa8b6d000 	C:\WINDOWS\System32\msvcp_win.dll
0x00007fff97360000 - 0x00007fff975fa000 	C:\WINDOWS\WinSxS\amd64_microsoft.windows.common-controls_6595b64144ccf1df_6.0.19041.1110_none_60b5254171f9507e\COMCTL32.dll
0x00007fffaacf0000 - 0x00007fffaad8e000 	C:\WINDOWS\System32\msvcrt.dll
0x00007fffaadc0000 - 0x00007fffaadf0000 	C:\WINDOWS\System32\IMM32.DLL
0x00007fff8ea70000 - 0x00007fff8ea7c000 	C:\Program Files\Android\Android Studio\jbr\bin\vcruntime140_1.dll
0x00007fff70fb0000 - 0x00007fff7103d000 	C:\Program Files\Android\Android Studio\jbr\bin\msvcp140.dll
0x00007fff68f40000 - 0x00007fff69afc000 	C:\Program Files\Android\Android Studio\jbr\bin\server\jvm.dll
0x00007fffaae60000 - 0x00007fffaaf0e000 	C:\WINDOWS\System32\ADVAPI32.dll
0x00007fffaa620000 - 0x00007fffaa6bc000 	C:\WINDOWS\System32\sechost.dll
0x00007fffaaf40000 - 0x00007fffab066000 	C:\WINDOWS\System32\RPCRT4.dll
0x00007fff93840000 - 0x00007fff93867000 	C:\WINDOWS\SYSTEM32\WINMM.dll
0x00007fffa10e0000 - 0x00007fffa10ea000 	C:\WINDOWS\SYSTEM32\VERSION.dll
0x00007fffaa450000 - 0x00007fffaa458000 	C:\WINDOWS\System32\PSAPI.DLL
0x00007fffa0d70000 - 0x00007fffa0d79000 	C:\WINDOWS\SYSTEM32\WSOCK32.dll
0x00007fffaadf0000 - 0x00007fffaae5b000 	C:\WINDOWS\System32\ws2_32.DLL
0x00007fffa6a40000 - 0x00007fffa6a52000 	C:\WINDOWS\SYSTEM32\kernel.appcore.dll
0x00007fffa0a10000 - 0x00007fffa0a20000 	C:\Program Files\Android\Android Studio\jbr\bin\verify.dll
0x00007fffa6740000 - 0x00007fffa6924000 	C:\WINDOWS\SYSTEM32\DBGHELP.DLL
0x00007fff941a0000 - 0x00007fff941d4000 	C:\WINDOWS\SYSTEM32\dbgcore.DLL
0x00007fffa91c0000 - 0x00007fffa9242000 	C:\WINDOWS\System32\bcryptPrimitives.dll
0x00007fff9adc0000 - 0x00007fff9ade8000 	C:\Program Files\Android\Android Studio\jbr\bin\java.dll
0x00007fff9b8a0000 - 0x00007fff9b8aa000 	C:\Program Files\Android\Android Studio\jbr\bin\jimage.dll
0x00007fff94680000 - 0x00007fff94698000 	C:\Program Files\Android\Android Studio\jbr\bin\zip.dll
0x00007fffa9c20000 - 0x00007fffaa364000 	C:\WINDOWS\System32\SHELL32.dll
0x00007fffa6a60000 - 0x00007fffa71f3000 	C:\WINDOWS\SYSTEM32\windows.storage.dll
0x00007fffa9800000 - 0x00007fffa9b54000 	C:\WINDOWS\System32\combase.dll
0x00007fffa8320000 - 0x00007fffa834e000 	C:\WINDOWS\SYSTEM32\Wldp.dll
0x00007fffab1a0000 - 0x00007fffab24d000 	C:\WINDOWS\System32\SHCORE.dll
0x00007fffa9b60000 - 0x00007fffa9bb5000 	C:\WINDOWS\System32\shlwapi.dll
0x00007fffa88e0000 - 0x00007fffa88ff000 	C:\WINDOWS\SYSTEM32\profapi.dll
0x00007fff911e0000 - 0x00007fff911f9000 	C:\Program Files\Android\Android Studio\jbr\bin\net.dll
0x00007fffa1d60000 - 0x00007fffa1e6a000 	C:\WINDOWS\SYSTEM32\WINHTTP.dll
0x00007fffa8080000 - 0x00007fffa80ea000 	C:\WINDOWS\system32\mswsock.dll
0x00007fff8ffb0000 - 0x00007fff8ffc3000 	C:\Program Files\Android\Android Studio\jbr\bin\nio.dll
0x00007fff7a330000 - 0x00007fff7a357000 	C:\Users\SCD UM\.gradle\native\e1d6ef7f7dcc3fd88c89a11ec53ec762bb8ba0a96d01ffa2cd45eb1d1d8dd5c5\windows-amd64\native-platform.dll
0x00007fff6dbd0000 - 0x00007fff6dd14000 	C:\Users\SCD UM\.gradle\native\0d407fdbe67a94daf76414ababcb853783967236a71b16ec16e742cd7a986fd3\windows-amd64\native-platform-file-events.dll
0x00007fff9b890000 - 0x00007fff9b89a000 	C:\Program Files\Android\Android Studio\jbr\bin\management.dll
0x00007fff9aa20000 - 0x00007fff9aa2b000 	C:\Program Files\Android\Android Studio\jbr\bin\management_ext.dll
0x00007fffa8270000 - 0x00007fffa8288000 	C:\WINDOWS\SYSTEM32\CRYPTSP.dll
0x00007fffa79a0000 - 0x00007fffa79d4000 	C:\WINDOWS\system32\rsaenh.dll
0x00007fffa92c0000 - 0x00007fffa92e7000 	C:\WINDOWS\System32\bcrypt.dll
0x00007fffa8860000 - 0x00007fffa888e000 	C:\WINDOWS\SYSTEM32\USERENV.dll
0x00007fffa8290000 - 0x00007fffa829c000 	C:\WINDOWS\SYSTEM32\CRYPTBASE.dll
0x00007fffa7d70000 - 0x00007fffa7dac000 	C:\WINDOWS\SYSTEM32\IPHLPAPI.DLL
0x00007fffaaf30000 - 0x00007fffaaf38000 	C:\WINDOWS\System32\NSI.dll
0x00007fff9ebe0000 - 0x00007fff9ebf7000 	C:\WINDOWS\SYSTEM32\dhcpcsvc6.DLL
0x00007fff9f820000 - 0x00007fff9f83d000 	C:\WINDOWS\SYSTEM32\dhcpcsvc.DLL
0x00007fffa7e00000 - 0x00007fffa7ecb000 	C:\WINDOWS\SYSTEM32\DNSAPI.dll
0x00007fff8de40000 - 0x00007fff8de67000 	C:\Program Files\Android\Android Studio\jbr\bin\sunec.dll
0x00007fff9f810000 - 0x00007fff9f81a000 	C:\Windows\System32\rasadhlp.dll
0x00007fff9e960000 - 0x00007fff9e9e0000 	C:\WINDOWS\System32\fwpuclnt.dll
0x00007fffa7ac0000 - 0x00007fffa7af3000 	C:\WINDOWS\SYSTEM32\ntmarta.dll
0x00007fff9d7b0000 - 0x00007fff9d840000 	C:\WINDOWS\system32\apphelp.dll

dbghelp: loaded successfully - version: 4.0.5 - missing functions: none
symbol engine: initialized successfully - sym options: 0x614 - pdb path: .;C:\Program Files\Android\Android Studio\jbr\bin;C:\WINDOWS\SYSTEM32;C:\WINDOWS\WinSxS\amd64_microsoft.windows.common-controls_6595b64144ccf1df_6.0.19041.1110_none_60b5254171f9507e;C:\Program Files\Android\Android Studio\jbr\bin\server;C:\Users\SCD UM\.gradle\native\e1d6ef7f7dcc3fd88c89a11ec53ec762bb8ba0a96d01ffa2cd45eb1d1d8dd5c5\windows-amd64;C:\Users\SCD UM\.gradle\native\0d407fdbe67a94daf76414ababcb853783967236a71b16ec16e742cd7a986fd3\windows-amd64

VM Arguments:
jvm_args: --add-opens=java.base/java.util=ALL-UNNAMED --add-opens=java.base/java.lang=ALL-UNNAMED --add-opens=java.base/java.lang.invoke=ALL-UNNAMED --add-opens=java.base/java.util=ALL-UNNAMED --add-opens=java.prefs/java.util.prefs=ALL-UNNAMED --add-opens=java.prefs/java.util.prefs=ALL-UNNAMED --add-opens=java.base/java.nio.charset=ALL-UNNAMED --add-opens=java.base/java.net=ALL-UNNAMED --add-opens=java.base/java.util.concurrent.atomic=ALL-UNNAMED -Xmx2048m -Dfile.encoding=UTF-8 -Duser.country=FR -Duser.language=fr -Duser.variant 
java_command: org.gradle.launcher.daemon.bootstrap.GradleDaemon 7.5
java_class_path (initial): C:\Users\SCD UM\.gradle\wrapper\dists\gradle-7.5-bin\f1w0cc9nuo0eivz97x2xlu9sv\gradle-7.5\lib\gradle-launcher-7.5.jar
Launcher Type: SUN_STANDARD

[Global flags]
     intx CICompilerCount                          = 3                                         {product} {ergonomic}
     uint ConcGCThreads                            = 1                                         {product} {ergonomic}
     uint G1ConcRefinementThreads                  = 4                                         {product} {ergonomic}
   size_t G1HeapRegionSize                         = 1048576                                   {product} {ergonomic}
    uintx GCDrainStackTargetSize                   = 64                                        {product} {ergonomic}
   size_t InitialHeapSize                          = 65011712                                  {product} {ergonomic}
   size_t MarkStackSize                            = 4194304                                   {product} {ergonomic}
   size_t MaxHeapSize                              = 2147483648                                {product} {command line}
   size_t MaxNewSize                               = 1287651328                                {product} {ergonomic}
   size_t MinHeapDeltaBytes                        = 1048576                                   {product} {ergonomic}
    uintx NonNMethodCodeHeapSize                   = 5830732                                {pd product} {ergonomic}
    uintx NonProfiledCodeHeapSize                  = 122913754                              {pd product} {ergonomic}
    uintx ProfiledCodeHeapSize                     = 122913754                              {pd product} {ergonomic}
    uintx ReservedCodeCacheSize                    = 251658240                              {pd product} {ergonomic}
     bool SegmentedCodeCache                       = true                                      {product} {ergonomic}
     bool UseCompressedClassPointers               = true                                 {lp64_product} {ergonomic}
     bool UseCompressedOops                        = true                                 {lp64_product} {ergonomic}
     bool UseG1GC                                  = true                                      {product} {ergonomic}
     bool UseLargePagesIndividualAllocation        = false                                  {pd product} {ergonomic}

Logging:
Log output configuration:
 #0: stdout all=warning uptime,level,tags
 #1: stderr all=off uptime,level,tags

Environment Variables:
JAVA_HOME=C:\Program Files\Java\jdk-11
PATH=C:\Program Files\Common Files\Oracle\Java\javapath;C:\Program Files (x86)\Common Files\Oracle\Java\javapath;C:\WINDOWS\system32;C:\WINDOWS;C:\WINDOWS\System32\Wbem;C:\WINDOWS\System32\WindowsPowerShell\v1.0\;C:\WINDOWS\System32\OpenSSH\;C:\Program Files\Java\jdk-19\bin;C:\Program Files\Java\jdk-11\bin;C:\Users\SCD UM\Downloads\winlibs-x86_64-posix-seh-gcc-12.2.0-mingw-w64ucrt-10.0.0-r2\mingw64\bin;C:\composer;C:\Program Files\Git\cmd;C:\wamp64\bin\php\php8.1.13;C:\Users\SCD UM\apache-tomcat-10.1.5\bin;C:\Users\SCD UM\Downloads\apache-maven-3.9.0\bin;C:\Users\SCD UM\scoop\shims;C:\Users\SCD UM\AppData\Local\Microsoft\WindowsApps;;C:\Users\SCD UM\AppData\Local\Programs\Microsoft VS Code\bin;C:\Users\SCD UM\AppData\Roaming\Composer\vendor\bin
USERNAME=SCD UM
OS=Windows_NT
PROCESSOR_IDENTIFIER=Intel64 Family 6 Model 142 Stepping 12, GenuineIntel



---------------  S Y S T E M  ---------------

OS: Windows 10 , 64 bit Build 19041 (10.0.19041.2788)
OS uptime: 4 days 21:50 hours

CPU:total 4 (initial active 4) (2 cores per cpu, 2 threads per core) family 6 model 142 stepping 12 microcode 0xd6, cmov, cx8, fxsr, mmx, sse, sse2, sse3, ssse3, sse4.1, sse4.2, popcnt, avx, avx2, aes, clmul, erms, 3dnowpref, lzcnt, ht, tsc, tscinvbit, bmi1, bmi2, adx, fma

Memory: 4k page, system-wide physical 3947M (621M free)
TotalPageFile size 8202M (AvailPageFile size 5M)
current process WorkingSet (physical memory assigned to process): 600M, peak: 600M
current process commit charge ("private bytes"): 791M, peak: 791M

vm_info: OpenJDK 64-Bit Server VM (11.0.15+0-b2043.56-9505619) for windows-amd64 JRE (11.0.15+0-b2043.56-9505619), built on Jan 19 2023 02:48:00 by "builduser" with unknown MS VC++:1929

END.
